INFO  2017-04-28 16:12:20,848 (Saros.java:220) Starting Saros 14.10.31 running:
  Java Version: 1.8.0_131
  Java Vendor: Oracle Corporation
  Eclipse Runtime Version: 3.12.0.v20170306-1705
  Operating System: Linux (4.10.11-200.fc25.x86_64)
  Hardware Architecture: amd64
INFO  2017-04-28 16:12:20,898 (SarosContext.java:153) creating Saros runtime context...
DEBUG 2017-04-28 16:12:20,949 (XMPPAccountStore.java:117) loading accounts from file: /home/skeroullas/.saros/config.dat
DEBUG 2017-04-28 16:12:21,034 (XMPPAccountStore.java:176) loaded 1 account(s)
INFO  2017-04-28 16:12:21,255 (SarosContext.java:199) successfully created Saros runtime context
DEBUG 2017-04-28 16:12:21,290 (DataTransferManager.java:467) used transport order for the current XMPP connection: [XMPP-Socks5-Transport, XMPP-IBB-Transport]
INFO  2017-04-28 16:12:21,308 (PreferenceInitializer.java:50) initializing preference default values
DEBUG 2017-04-28 16:12:21,352 (SarosAnnotation.java:117) resetting annotation colors
DEBUG 2017-04-28 16:12:21,415 (Saros.java:430) skipping conversion of old XMPP accounts, because there are already new ones
DEBUG 2017-04-28 16:12:23,614 (SharedDocumentProvider.java:77) SharedDocumentProvider created by Eclipse
DEBUG 2017-04-28 16:12:26,540 (WhiteboardManager.java:194) WhiteboardManager instantiated
DEBUG 2017-04-28 16:12:26,569 (DocumentRecord.java:93) Added Node: attr(149338874656742237) name=svg
DEBUG 2017-04-28 16:12:26,798 (XMPPConnectionService.java:439) started Socks5 proxy on port: 7777 [listening on all interfaces]
DEBUG 2017-04-28 16:12:26,802 (XMPPConnectionService.java:459) using autodetected addresses: [10.42.0.118, fe80:0:0:0:30da:32fa:66ec:b94d%wlp2s0]
DEBUG 2017-04-28 16:12:26,810 (XMPPConnectionService.java:398)  new connection state == CONNECTING
DEBUG 2017-04-28 16:12:27,851 (XMPPConnectionService.java:398) pika@saros-con.imp.fu-berlin.de/Saros new connection state == CONNECTED
DEBUG 2017-04-28 16:12:27,852 (DataTransferManager.java:467) used transport order for the current XMPP connection: [XMPP-Socks5-Transport, XMPP-IBB-Transport]
DEBUG 2017-04-28 16:12:27,857 (SkypeManager.java:289) Refreshing Skype username cache...
WARN  2017-04-28 16:12:37,491 (StunServiceImpl.java:420) received no response from STUN server stunserver.org/69.172.201.153:3478 at local address /10.42.0.118:0
DEBUG 2017-04-28 16:33:05,541 (DiscoveryManager.java:382) Inserted DiscoveryInfo into Cache for: blop4@saros-con.imp.fu-berlin.de/Saros
INFO  2017-04-28 16:33:13,713 (StatisticManager.java:184) Current feedback settings:
  Feedback disabled: false
  Feedback interval: 5
  Statistic submission allowed: false
  Pseudonym submission allowed: false
INFO  2017-04-28 16:33:13,722 (ErrorLogManager.java:257) Current error log settings:
  Error log submission allowed: false
  Full Error log submission allowed: false
INFO  2017-04-28 16:33:14,044 (StatisticManager.java:163) Session count: 2
INFO  2017-04-28 16:33:14,045 (ParticipantCollector.java:134) Session started: Current number of participants: 1
DEBUG 2017-04-28 16:33:14,048 (ActivityHandler.java:89) activity dispatcher started
DEBUG 2017-04-28 16:33:14,062 (XStreamExtensionProvider.java:149) Registering new converter of class de.fu_berlin.inf.dpp.misc.xstream.SPathConverter
DEBUG 2017-04-28 16:33:14,063 (XStreamExtensionProvider.java:194) Registering new converter of class de.fu_berlin.inf.dpp.misc.xstream.UserConverter
DEBUG 2017-04-28 16:33:14,127 (MultiUserChatService.java:100) Joining MUC...
DEBUG 2017-04-28 16:33:14,130 (MultiUserChat.java:264) Trying to create room on server conference.saros-con.imp.fu-berlin.de
DEBUG 2017-04-28 16:33:14,154 (WhiteboardManager.java:104) Skip Whiteboard preparation because session host has no Whiteboard
DEBUG 2017-04-28 16:33:14,155 (ConsistencyAction.java:173) Inconsistency indicator goes: off
DEBUG 2017-04-28 16:33:14,156 (SarosProjectMapper.java:179) added project de.fu_berlin.inf.dpp.filesystem.EclipseProjectImpl@2024821 - P/Code with ID 1374493516 [completely shared:true]
DEBUG 2017-04-28 16:33:14,174 (MultiUserChat.java:310) Configuring room
DEBUG 2017-04-28 16:33:14,298 (EditorManager.java:392) Fenetre.java
DEBUG 2017-04-28 16:33:14,306 (SharedProjectDecorator.java:99) updating project decoration for all shared projects
INFO  2017-04-28 16:33:14,307 (SarosSessionManager.java:262) session started
DEBUG 2017-04-28 16:33:14,316 (OutgoingSessionNegotiation.java:122) OSN [remote side: blop4@saros-con.imp.fu-berlin.de] : starting invitation
DEBUG 2017-04-28 16:33:14,317 (OutgoingSessionNegotiation.java:223) OSN [remote side: blop4@saros-con.imp.fu-berlin.de] : checking Saros support
DEBUG 2017-04-28 16:33:14,319 (OutgoingSessionNegotiation.java:235) OSN [remote side: blop4@saros-con.imp.fu-berlin.de] :  remote contact offers Saros support
DEBUG 2017-04-28 16:33:14,320 (OutgoingSessionNegotiation.java:253) OSN [remote side: blop4@saros-con.imp.fu-berlin.de/Saros] : checking version compatibility
DEBUG 2017-04-28 16:33:14,485 (MultiUserChat.java:297) MUC created and joined. Server: conference.saros-con.imp.fu-berlin.de Room: SAROS_1984099989 Password 2053735736
DEBUG 2017-04-28 16:33:14,546 (OutgoingSessionNegotiation.java:284) OSN [remote side: blop4@saros-con.imp.fu-berlin.de/Saros] : Saros versions are compatible
DEBUG 2017-04-28 16:33:14,547 (OutgoingSessionNegotiation.java:298) OSN [remote side: blop4@saros-con.imp.fu-berlin.de/Saros] : sending invitation
DEBUG 2017-04-28 16:33:14,547 (OutgoingSessionNegotiation.java:314) OSN [remote side: blop4@saros-con.imp.fu-berlin.de/Saros] : waiting for invitation acknowledgement
DEBUG 2017-04-28 16:33:14,780 (EditorListener.java:236) Viewport changed: 46+32
DEBUG 2017-04-28 16:33:15,648 (MultiUserChatStateManager.java:101) Incoming Message from saros_1984099989@conference.saros-con.imp.fu-berlin.de/pika@saros-con.imp.fu-berlin.de/Saros with state: active
DEBUG 2017-04-28 16:33:15,649 (MultiUserChat.java:79) stateChanged fired with state: active
DEBUG 2017-04-28 16:33:15,652 (MultiUserChat.java:133) processPacket called
DEBUG 2017-04-28 16:33:15,653 (OutgoingSessionNegotiation.java:325) OSN [remote side: blop4@saros-con.imp.fu-berlin.de/Saros] : invitation acknowledged
DEBUG 2017-04-28 16:33:15,654 (OutgoingSessionNegotiation.java:334) OSN [remote side: blop4@saros-con.imp.fu-berlin.de/Saros] : waiting for peer to accept the invitation
DEBUG 2017-04-28 16:33:23,845 (OutgoingSessionNegotiation.java:345) OSN [remote side: blop4@saros-con.imp.fu-berlin.de/Saros] : invitation accepted
DEBUG 2017-04-28 16:33:23,846 (OutgoingSessionNegotiation.java:355) OSN [remote side: blop4@saros-con.imp.fu-berlin.de/Saros] : waiting for client's session parameters
DEBUG 2017-04-28 16:33:23,849 (OutgoingSessionNegotiation.java:375) OSN [remote side: blop4@saros-con.imp.fu-berlin.de/Saros] : received client's session parameters
DEBUG 2017-04-28 16:33:23,925 (WhiteboardManager.java:163) Detected  Whiteboard at blop4@saros-con.imp.fu-berlin.de/Saros
DEBUG 2017-04-28 16:33:23,925 (OutgoingSessionNegotiation.java:427) OSN [remote side: blop4@saros-con.imp.fu-berlin.de/Saros] : sending updated session negotiation data
DEBUG 2017-04-28 16:33:23,926 (OutgoingSessionNegotiation.java:434) OSN [remote side: blop4@saros-con.imp.fu-berlin.de/Saros] : sent updated session negotiation data
DEBUG 2017-04-28 16:33:23,927 (OutgoingSessionNegotiation.java:444) OSN [remote side: blop4@saros-con.imp.fu-berlin.de/Saros] : waiting for remote side to start its Saros session
DEBUG 2017-04-28 16:33:25,531 (ByteStreamTransport.java:72) received request to establish a  bytestream connection to blop4@saros-con.imp.fu-berlin.de/Saros [de.fu_berlin.inf.dpp.net.internal.ByteStreamTransport$1@a1ff948]
DEBUG 2017-04-28 16:33:25,532 (Socks5Transport.java:368) [SOCKS5Transport] receiving request from blop4@saros-con.imp.fu-berlin.de/Saroswith local SOCKS5 proxy running [port=7777, configured streamhosts=[10.42.0.118, fe80:0:0:0:30da:32fa:66ec:b94d%wlp2s0]]
DEBUG 2017-04-28 16:33:25,536 (Socks5Transport.java:624) [SOCKS5Transport] Start to establish new response connection
WARN  2017-04-28 16:33:35,544 (Socks5Transport.java:411) [SOCKS5Transport] Couldn't accept request but still trying to establish a response connection: Could not establish socket with any provided host
ERROR 2017-04-28 16:33:36,952 (Socks5Transport.java:440) An error occurred while establishing a response connection 
item-not-found(404) Could not establish socket with any provided host
	at org.jivesoftware.smack.util.SyncPacketSend.getReply(SyncPacketSend.java:54)
	at org.jivesoftware.smackx.bytestreams.socks5.Socks5BytestreamManager.establishSession(Socks5BytestreamManager.java:481)
	at org.jivesoftware.smackx.bytestreams.socks5.Socks5BytestreamManager.establishSession(Socks5BytestreamManager.java:83)
	at de.fu_berlin.inf.dpp.net.internal.Socks5Transport.establishResponseSession(Socks5Transport.java:631)
	at de.fu_berlin.inf.dpp.net.internal.Socks5Transport$1.call(Socks5Transport.java:108)
	at de.fu_berlin.inf.dpp.net.internal.Socks5Transport$1.call(Socks5Transport.java:1)
	at java.util.concurrent.FutureTask.run(FutureTask.java:266)
	at java.util.concurrent.ThreadPoolExecutor.runWorker(ThreadPoolExecutor.java:1142)
	at java.util.concurrent.ThreadPoolExecutor$Worker.run(ThreadPoolExecutor.java:617)
	at java.lang.Thread.run(Thread.java:748)
ERROR 2017-04-28 16:33:36,972 (ByteStreamTransport.java:105) could not establish bytestream connection to blop4@saros-con.imp.fu-berlin.de/Saros
java.io.IOException: [SOCKS5Transport] Neither connection could be established. 
	at de.fu_berlin.inf.dpp.net.internal.Socks5Transport.acceptNewRequest(Socks5Transport.java:446)
	at de.fu_berlin.inf.dpp.net.internal.Socks5Transport.acceptRequest(Socks5Transport.java:474)
	at de.fu_berlin.inf.dpp.net.internal.ByteStreamTransport$1.incomingBytestreamRequest(ByteStreamTransport.java:77)
	at org.jivesoftware.smackx.bytestreams.socks5.InitiationListener.processRequest(InitiationListener.java:91)
	at org.jivesoftware.smackx.bytestreams.socks5.InitiationListener.access$000(InitiationListener.java:37)
	at org.jivesoftware.smackx.bytestreams.socks5.InitiationListener$1.run(InitiationListener.java:63)
	at java.util.concurrent.ThreadPoolExecutor.runWorker(ThreadPoolExecutor.java:1142)
	at java.util.concurrent.ThreadPoolExecutor$Worker.run(ThreadPoolExecutor.java:617)
	at java.lang.Thread.run(Thread.java:748)
DEBUG 2017-04-28 16:34:05,837 (ByteStreamTransport.java:72) received request to establish a  bytestream connection to blop4@saros-con.imp.fu-berlin.de/Saros [de.fu_berlin.inf.dpp.net.internal.ByteStreamTransport$1@4e7a2bad]
DEBUG 2017-04-28 16:34:05,850 (DataTransferManager.java:136) bytestream connection changed [mode=IBB, id=saros-main-session] blop4@saros-con.imp.fu-berlin.de/Saros, inc=true, pool id=saros-main-session:in:blop4@saros-con.imp.fu-berlin.de/Saros]
DEBUG 2017-04-28 16:34:05,852 (BinaryChannelConnection.java:103) [mode=IBB, id=saros-main-session] blop4@saros-con.imp.fu-berlin.de/Saros ReceiverThread started.
DEBUG 2017-04-28 16:34:06,657 (MultiUserChatStateManager.java:101) Incoming Message from saros_1984099989@conference.saros-con.imp.fu-berlin.de/blop4@saros-con.imp.fu-berlin.de/Saros with state: active
DEBUG 2017-04-28 16:34:06,658 (MultiUserChat.java:79) stateChanged fired with state: active
DEBUG 2017-04-28 16:34:06,659 (MultiUserChat.java:133) processPacket called
DEBUG 2017-04-28 16:34:06,664 (OutgoingSessionNegotiation.java:455) OSN [remote side: blop4@saros-con.imp.fu-berlin.de/Saros] : remote side started its Saros session
DEBUG 2017-04-28 16:34:06,664 (OutgoingSessionNegotiation.java:472) OSN [remote side: blop4@saros-con.imp.fu-berlin.de/Saros] : synchronizing user list
DEBUG 2017-04-28 16:34:06,665 (UserInformationHandler.java:152) synchronizing user list (A)[blop4@saros-con.imp.fu-berlin.de/Saros, pika@saros-con.imp.fu-berlin.de/Saros], (R) [] with user(s) [blop4@saros-con.imp.fu-berlin.de/Saros]
DEBUG 2017-04-28 16:34:07,960 (UserInformationHandler.java:204) received user list confirmation from: blop4@saros-con.imp.fu-berlin.de/Saros
DEBUG 2017-04-28 16:34:07,961 (UserInformationHandler.java:211) synchronized user list with user(s) [blop4@saros-con.imp.fu-berlin.de/Saros]
DEBUG 2017-04-28 16:34:07,965 (ChangeColorManager.java:290) reassigning color IDs for the current session users
DEBUG 2017-04-28 16:34:07,966 (ChangeColorManager.java:324) color conflict resolve result = NO CONFLICT
DEBUG 2017-04-28 16:34:07,966 (ChangeColorManager.java:383) new color assignment: {pika@saros-con.imp.fu-berlin.de/Saros=1, blop4@saros-con.imp.fu-berlin.de/Saros=2}
DEBUG 2017-04-28 16:34:07,966 (ChangeColorManager.java:634) updating color id set: [blop4@saros-con.imp.fu-berlin.de, pika@saros-con.imp.fu-berlin.de]
DEBUG 2017-04-28 16:34:07,969 (ActivitySequencer.java:496) send (002) blop4@saros-con.imp.fu-berlin.de/Saros
INFO  2017-04-28 16:34:07,969 (ParticipantCollector.java:67) blop4@saros-con.imp.fu-berlin.de/Saros joined - session now contains 2 users
INFO  2017-04-28 16:34:07,971 (SarosSession.java:456) user blop4@saros-con.imp.fu-berlin.de/Saros joined session
DEBUG 2017-04-28 16:34:07,971 (OutgoingSessionNegotiation.java:482) OSN [remote side: blop4@saros-con.imp.fu-berlin.de/Saros] : added blop4@saros-con.imp.fu-berlin.de/Saros to the current session, colorID: 2
DEBUG 2017-04-28 16:34:09,420 (OutgoingSessionNegotiation.java:501) OSN [remote side: blop4@saros-con.imp.fu-berlin.de/Saros] : session negotiation finished
DEBUG 2017-04-28 16:34:09,422 (WhiteboardManager.java:89) Preparing Whiteboard for sending an invitation
DEBUG 2017-04-28 16:34:09,460 (ColorUtils.java:21) set foregroundcolor RGB {191, 187, 130}
DEBUG 2017-04-28 16:34:09,466 (SXEController.java:120) SXE (8621): initialize session at inviter side
DEBUG 2017-04-28 16:34:09,469 (SXEOutgoingSynchronizationProcess.java:51) SXE(8621)  send state-offer to blop4@saros-con.imp.fu-berlin.de/Saros
DEBUG 2017-04-28 16:34:09,470 (SarosSXETransmitter.java:151) SXE send state-offer to blop4@saros-con.imp.fu-berlin.de/Saros waiting for [accept-state, refuse-state]
INFO  2017-04-28 16:34:09,510 (DataTransferManager.java:409) establishing connection to blop4@saros-con.imp.fu-berlin.de/Saros from pika@saros-con.imp.fu-berlin.de/Saros using transport XMPP-Socks5-Transport
DEBUG 2017-04-28 16:34:09,510 (ByteStreamTransport.java:45) establishing bytestream connection to blop4@saros-con.imp.fu-berlin.de/Saros
DEBUG 2017-04-28 16:34:09,511 (Socks5Transport.java:493) [SOCKS5Transport] establishing connection to blop4@saros-con.imp.fu-berlin.de/Saroswith local SOCKS5 proxy running [port=7777, configured streamhosts=[10.42.0.118, fe80:0:0:0:30da:32fa:66ec:b94d%wlp2s0]]...
DEBUG 2017-04-28 16:34:10,343 (ByteStreamTransport.java:72) received request to establish a  bytestream connection to blop4@saros-con.imp.fu-berlin.de/Saros [de.fu_berlin.inf.dpp.net.internal.ByteStreamTransport$1@a1ff948]
DEBUG 2017-04-28 16:34:10,343 (Socks5Transport.java:311) [SOCKS5Transport] receiving response connection from blop4@saros-con.imp.fu-berlin.de/Saroswith local SOCKS5 proxy running [port=7777, configured streamhosts=[10.42.0.118, fe80:0:0:0:30da:32fa:66ec:b94d%wlp2s0]]
WARN  2017-04-28 16:34:19,973 (Socks5Transport.java:544) [SOCKS5Transport] could not establish a connection to blop4@saros-con.imp.fu-berlin.de/Saros, remote side could not connect to any offered stream hosts: item-not-found(404) Could not establish socket with any provided host
DEBUG 2017-04-28 16:34:19,975 (Socks5Transport.java:567) [SOCKS5Transport] waiting for blop4@saros-con.imp.fu-berlin.de/Saros to establish a connection...
ERROR 2017-04-28 16:34:20,350 (ByteStreamTransport.java:105) could not establish bytestream connection to blop4@saros-con.imp.fu-berlin.de/Saros
Could not establish socket with any provided host: item-not-found(404) Could not establish socket with any provided host
	at org.jivesoftware.smackx.bytestreams.socks5.Socks5BytestreamRequest.cancelRequest(Socks5BytestreamRequest.java:277)
	at org.jivesoftware.smackx.bytestreams.socks5.Socks5BytestreamRequest.accept(Socks5BytestreamRequest.java:247)
	at org.jivesoftware.smackx.bytestreams.socks5.Socks5BytestreamRequest.accept(Socks5BytestreamRequest.java:34)
	at de.fu_berlin.inf.dpp.net.internal.Socks5Transport.handleResponse(Socks5Transport.java:315)
	at de.fu_berlin.inf.dpp.net.internal.Socks5Transport.acceptRequest(Socks5Transport.java:471)
	at de.fu_berlin.inf.dpp.net.internal.ByteStreamTransport$1.incomingBytestreamRequest(ByteStreamTransport.java:77)
	at org.jivesoftware.smackx.bytestreams.socks5.InitiationListener.processRequest(InitiationListener.java:91)
	at org.jivesoftware.smackx.bytestreams.socks5.InitiationListener.access$000(InitiationListener.java:37)
	at org.jivesoftware.smackx.bytestreams.socks5.InitiationListener$1.run(InitiationListener.java:63)
	at java.util.concurrent.ThreadPoolExecutor.runWorker(ThreadPoolExecutor.java:1142)
	at java.util.concurrent.ThreadPoolExecutor$Worker.run(ThreadPoolExecutor.java:617)
	at java.lang.Thread.run(Thread.java:748)
DEBUG 2017-04-28 16:34:32,641 (ActivitySequencer.java:546) rcvd (001) blop4@saros-con.imp.fu-berlin.de/Saros
DEBUG 2017-04-28 16:34:32,651 (FollowingActivitiesManager.java:66) received new follow mode from: blop4@saros-con.imp.fu-berlin.de/Saros , followed: pika@saros-con.imp.fu-berlin.de/Saros
DEBUG 2017-04-28 16:34:33,923 (ActivitySequencer.java:496) send (001) blop4@saros-con.imp.fu-berlin.de/Saros
DEBUG 2017-04-28 16:34:34,399 (SarosSessionManager.java:330) terminating all running negotiation processes
DEBUG 2017-04-28 16:34:34,400 (CancelableProcess.java:156) process OSN [remote side: blop4@saros-con.imp.fu-berlin.de/Saros] was cancelled by the local side, error: none
WARN  2017-04-28 16:34:44,168 (SWTSynchronizer.java:55) could not execute runnable de.fu_berlin.inf.dpp.util.ThreadUtils$1@2fe27006, UI thread is not available
StackTrace:
	at de.fu_berlin.inf.dpp.synchronize.internal.SWTSynchronizer.exec(SWTSynchronizer.java:56)
	at de.fu_berlin.inf.dpp.synchronize.internal.SWTSynchronizer.syncExec(SWTSynchronizer.java:25)
	at de.fu_berlin.inf.dpp.concurrent.watchdog.ConsistencyWatchdogServer$1.run(ConsistencyWatchdogServer.java:82)
	at java.util.concurrent.Executors$RunnableAdapter.call(Executors.java:511)
	at java.util.concurrent.FutureTask.runAndReset(FutureTask.java:308)
	at java.util.concurrent.ScheduledThreadPoolExecutor$ScheduledFutureTask.access$301(ScheduledThreadPoolExecutor.java:180)
	at java.util.concurrent.ScheduledThreadPoolExecutor$ScheduledFutureTask.run(ScheduledThreadPoolExecutor.java:294)
	at java.util.concurrent.ThreadPoolExecutor.runWorker(ThreadPoolExecutor.java:1142)
	at java.util.concurrent.ThreadPoolExecutor$Worker.run(ThreadPoolExecutor.java:617)
	at java.lang.Thread.run(Thread.java:748)
ERROR 2017-04-28 16:34:44,398 (Saros.java:323) could not shutdown Saros gracefully
WARN  2017-04-28 16:34:44,413 (SarosSessionManager.java:333) there are still running negotiation processes
WARN  2017-04-28 16:34:44,414 (SWTUtils.java:144) could not execute runnable de.fu_berlin.inf.dpp.ui.actions.RemoveUserAction$2$2@2c4c2385, UI thread is not available
StackTrace:
	at de.fu_berlin.inf.dpp.ui.util.SWTUtils.runSafeSWTAsync(SWTUtils.java:145)
	at de.fu_berlin.inf.dpp.ui.actions.RemoveUserAction$2.sessionEnding(RemoveUserAction.java:64)
	at de.fu_berlin.inf.dpp.project.SarosSessionManager.sessionEnding(SarosSessionManager.java:701)
	at de.fu_berlin.inf.dpp.project.SarosSessionManager.stopSarosSession(SarosSessionManager.java:335)
	at de.fu_berlin.inf.dpp.Saros$1.run(Saros.java:303)
	at de.fu_berlin.inf.dpp.util.ThreadUtils$1.run(ThreadUtils.java:38)
	at java.lang.Thread.run(Thread.java:748)
DEBUG 2017-04-28 16:34:44,414 (SarosSessionManager.java:337) Leave message sent.
WARN  2017-04-28 16:34:44,449 (SWTSynchronizer.java:55) could not execute runnable de.fu_berlin.inf.dpp.concurrent.watchdog.ConsistencyWatchdogServer$2@44ba19c5, UI thread is not available
StackTrace:
	at de.fu_berlin.inf.dpp.synchronize.internal.SWTSynchronizer.exec(SWTSynchronizer.java:56)
	at de.fu_berlin.inf.dpp.synchronize.internal.SWTSynchronizer.asyncExec(SWTSynchronizer.java:20)
	at de.fu_berlin.inf.dpp.concurrent.watchdog.ConsistencyWatchdogServer.stop(ConsistencyWatchdogServer.java:145)
	at sun.reflect.NativeMethodAccessorImpl.invoke0(Native Method)
	at sun.reflect.NativeMethodAccessorImpl.invoke(NativeMethodAccessorImpl.java:62)
	at sun.reflect.DelegatingMethodAccessorImpl.invoke(DelegatingMethodAccessorImpl.java:43)
	at java.lang.reflect.Method.invoke(Method.java:498)
	at org.picocontainer.lifecycle.StartableLifecycleStrategy.doLifecycleMethod(StartableLifecycleStrategy.java:101)
	at org.picocontainer.lifecycle.StartableLifecycleStrategy.stopComponent(StartableLifecycleStrategy.java:113)
	at org.picocontainer.lifecycle.StartableLifecycleStrategy.stop(StartableLifecycleStrategy.java:126)
	at org.picocontainer.injectors.AbstractInjectionFactory$LifecycleAdapter.stop(AbstractInjectionFactory.java:88)
	at org.picocontainer.behaviors.AbstractBehavior.stop(AbstractBehavior.java:179)
	at org.picocontainer.behaviors.Stored$RealComponentLifecycle.stop(Stored.java:141)
	at org.picocontainer.behaviors.Stored.stop(Stored.java:118)
	at org.picocontainer.DefaultPicoContainer.stopAdapters(DefaultPicoContainer.java:1036)
	at org.picocontainer.DefaultPicoContainer.stop(DefaultPicoContainer.java:791)
	at de.fu_berlin.inf.dpp.project.internal.SarosSession.stop(SarosSession.java:639)
	at de.fu_berlin.inf.dpp.project.SarosSessionManager.stopSarosSession(SarosSessionManager.java:340)
	at de.fu_berlin.inf.dpp.Saros$1.run(Saros.java:303)
	at de.fu_berlin.inf.dpp.util.ThreadUtils$1.run(ThreadUtils.java:38)
	at java.lang.Thread.run(Thread.java:748)
DEBUG 2017-04-28 16:34:44,452 (ActivityHandler.java:109) activity dispatcher stopped
INFO  2017-04-28 16:34:44,453 (FeedbackManager.java:104) Session lasted 1 min 30 s
DEBUG 2017-04-28 16:34:44,454 (FollowModeCollector.java:177) Processing follow mode changes took 0.0 s
INFO  2017-04-28 16:34:44,455 (ParticipantCollector.java:145) Session ended: Current number of participants: 2
DEBUG 2017-04-28 16:34:44,500 (StatisticManager.java:329) Session statistic:
  auto.followmode.enabled=false
  data_transfer.IBB.average_throughput_kbs=0.6
  data_transfer.IBB.number_of_events=10
  data_transfer.IBB.total_size_kb=1
  data_transfer.IBB.total_time_ms=2373
  feedback.disabled=false
  feedback.survey.interval=5
  followmode.time.percent=0
  followmode.time.total=0.0
  followmode.toggles=0
  gesture.count=0
  java.version=1.8.0_131
  jumped.count=0
  jumped.driver.count=0
  jumped.observer.count=0
  observer.selection.count.witnessed=0
  observer.selection.count=0
  os.name=Linux
  platform.version=3.12.0.v20170306-1705
  random.user.id=2017-04-26_12-00-32_2131731047
  role.1.duration=1.51
  role.1=write_access
  role.changes=0
  role.driver.duration=1.51
  role.driver.percent=100
  role.observer.duration=0.0
  role.observer.percent=0
  saros.version=14.10.31
  session.count=2
  session.id=1984099989
  session.local.start=2017-04-28T14:34:44Z
  session.shared.project.complete.count=1
  session.shared.project.partial.count=0
  session.shared.project.partial.files.count=0
  session.time.users.1.percent=60
  session.time.users.1=0.9
  session.time.users.2.percent=40
  session.time.users.2=0.61
  session.time=1.51
  session.users.total=2
  textedits.chars=0
  textedits.count=0
  textedits.nonparallel.chars=0
  textedits.nonparallel.percent=0
  textedits.pastes.chars=0
  textedits.pastes=0
  user.is.host=true
INFO  2017-04-28 16:34:44,500 (StatisticManager.java:243) User does not allow to submit session statistics
WARN  2017-04-28 16:34:44,501 (SWTUtils.java:193) could not execute runnable de.fu_berlin.inf.dpp.editor.EditorManager$3$1@56897a3f, UI thread is not available
StackTrace:
	at de.fu_berlin.inf.dpp.ui.util.SWTUtils.runSafeSWTSync(SWTUtils.java:194)
	at de.fu_berlin.inf.dpp.editor.EditorManager$3.execute(EditorManager.java:262)
	at de.fu_berlin.inf.dpp.editor.EditorManager$3.unblock(EditorManager.java:253)
	at de.fu_berlin.inf.dpp.synchronize.StopManager.lockSession(StopManager.java:408)
	at de.fu_berlin.inf.dpp.synchronize.StopManager.stop(StopManager.java:579)
	at sun.reflect.GeneratedMethodAccessor55.invoke(Unknown Source)
	at sun.reflect.DelegatingMethodAccessorImpl.invoke(DelegatingMethodAccessorImpl.java:43)
	at java.lang.reflect.Method.invoke(Method.java:498)
	at org.picocontainer.lifecycle.StartableLifecycleStrategy.doLifecycleMethod(StartableLifecycleStrategy.java:101)
	at org.picocontainer.lifecycle.StartableLifecycleStrategy.stopComponent(StartableLifecycleStrategy.java:113)
	at org.picocontainer.lifecycle.StartableLifecycleStrategy.stop(StartableLifecycleStrategy.java:126)
	at org.picocontainer.injectors.AbstractInjectionFactory$LifecycleAdapter.stop(AbstractInjectionFactory.java:88)
	at org.picocontainer.behaviors.AbstractBehavior.stop(AbstractBehavior.java:179)
	at org.picocontainer.behaviors.Stored$RealComponentLifecycle.stop(Stored.java:141)
	at org.picocontainer.behaviors.Stored.stop(Stored.java:118)
	at org.picocontainer.DefaultPicoContainer.stopAdapters(DefaultPicoContainer.java:1036)
	at org.picocontainer.DefaultPicoContainer.stop(DefaultPicoContainer.java:791)
	at de.fu_berlin.inf.dpp.project.internal.SarosSession.stop(SarosSession.java:639)
	at de.fu_berlin.inf.dpp.project.SarosSessionManager.stopSarosSession(SarosSessionManager.java:340)
	at de.fu_berlin.inf.dpp.Saros$1.run(Saros.java:303)
	at de.fu_berlin.inf.dpp.util.ThreadUtils$1.run(ThreadUtils.java:38)
	at java.lang.Thread.run(Thread.java:748)
ERROR 2017-04-28 16:34:45,319 (BinaryChannelConnection.java:115) [mode=IBB, id=saros-main-session] blop4@saros-con.imp.fu-berlin.de/Saros network error: Stream is closed
java.io.IOException: Stream is closed
	at org.jivesoftware.smackx.bytestreams.ibb.InBandBytestreamSession$IBBInputStream.checkClosed(InBandBytestreamSession.java:395)
	at org.jivesoftware.smackx.bytestreams.ibb.InBandBytestreamSession$IBBInputStream.read(InBandBytestreamSession.java:305)
	at java.io.BufferedInputStream.fill(BufferedInputStream.java:246)
	at java.io.BufferedInputStream.read(BufferedInputStream.java:265)
	at java.io.DataInputStream.readUnsignedByte(DataInputStream.java:288)
	at de.fu_berlin.inf.dpp.net.internal.BinaryChannelConnection.readNextXMPPExtension(BinaryChannelConnection.java:347)
	at de.fu_berlin.inf.dpp.net.internal.BinaryChannelConnection.access$2(BinaryChannelConnection.java:343)
	at de.fu_berlin.inf.dpp.net.internal.BinaryChannelConnection$ReceiverThread.run(BinaryChannelConnection.java:106)
