INFO  2017-04-27 08:10:27,175 (Saros.java:220) Starting Saros 14.10.31 running:
  Java Version: 1.8.0_131
  Java Vendor: Oracle Corporation
  Eclipse Runtime Version: 3.12.0.v20170306-1705
  Operating System: Linux (4.10.11-200.fc25.x86_64)
  Hardware Architecture: amd64
INFO  2017-04-27 08:10:27,230 (SarosContext.java:153) creating Saros runtime context...
DEBUG 2017-04-27 08:10:27,290 (XMPPAccountStore.java:117) loading accounts from file: /home/skeroullas/.saros/config.dat
DEBUG 2017-04-27 08:10:27,346 (XMPPAccountStore.java:176) loaded 1 account(s)
INFO  2017-04-27 08:10:27,478 (SarosContext.java:199) successfully created Saros runtime context
DEBUG 2017-04-27 08:10:27,501 (DataTransferManager.java:467) used transport order for the current XMPP connection: [XMPP-Socks5-Transport, XMPP-IBB-Transport]
INFO  2017-04-27 08:10:27,519 (PreferenceInitializer.java:50) initializing preference default values
DEBUG 2017-04-27 08:10:27,556 (SarosAnnotation.java:117) resetting annotation colors
DEBUG 2017-04-27 08:10:27,620 (Saros.java:430) skipping conversion of old XMPP accounts, because there are already new ones
DEBUG 2017-04-27 08:10:29,952 (SharedDocumentProvider.java:77) SharedDocumentProvider created by Eclipse
DEBUG 2017-04-27 08:10:32,922 (WhiteboardManager.java:194) WhiteboardManager instantiated
DEBUG 2017-04-27 08:10:32,960 (XMPPConnectionService.java:439) started Socks5 proxy on port: 7777 [listening on all interfaces]
DEBUG 2017-04-27 08:10:32,964 (XMPPConnectionService.java:459) using autodetected addresses: [148.60.64.54, fe80:0:0:0:e8f6:9d27:8073:8721%wlp2s0]
DEBUG 2017-04-27 08:10:32,991 (XMPPConnectionService.java:398)  new connection state == CONNECTING
DEBUG 2017-04-27 08:10:33,041 (DocumentRecord.java:93) Added Node: attr(149327343303939014) name=svg
DEBUG 2017-04-27 08:10:34,121 (XMPPConnectionService.java:398) pika@saros-con.imp.fu-berlin.de/Saros new connection state == CONNECTED
DEBUG 2017-04-27 08:10:34,122 (DataTransferManager.java:467) used transport order for the current XMPP connection: [XMPP-Socks5-Transport, XMPP-IBB-Transport]
DEBUG 2017-04-27 08:10:34,123 (SkypeManager.java:289) Refreshing Skype username cache...
WARN  2017-04-27 08:10:43,062 (StunServiceImpl.java:420) received no response from STUN server stunserver.org/69.172.201.153:3478 at local address /148.60.64.54:0
ERROR 2017-04-27 13:01:17,962 (XMPPConnectionService.java:101) XMPP connection error: 
java.net.SocketException: Invalid argument (Read failed)
	at java.net.SocketInputStream.socketRead0(Native Method)
	at java.net.SocketInputStream.socketRead(SocketInputStream.java:116)
	at java.net.SocketInputStream.read(SocketInputStream.java:171)
	at java.net.SocketInputStream.read(SocketInputStream.java:141)
	at sun.security.ssl.InputRecord.readFully(InputRecord.java:465)
	at sun.security.ssl.InputRecord.read(InputRecord.java:503)
	at sun.security.ssl.SSLSocketImpl.readRecord(SSLSocketImpl.java:983)
	at sun.security.ssl.SSLSocketImpl.readDataRecord(SSLSocketImpl.java:940)
	at sun.security.ssl.AppInputStream.read(AppInputStream.java:105)
	at sun.nio.cs.StreamDecoder.readBytes(StreamDecoder.java:284)
	at sun.nio.cs.StreamDecoder.implRead(StreamDecoder.java:326)
	at sun.nio.cs.StreamDecoder.read(StreamDecoder.java:178)
	at java.io.InputStreamReader.read(InputStreamReader.java:184)
	at java.io.BufferedReader.fill(BufferedReader.java:161)
	at java.io.BufferedReader.read1(BufferedReader.java:212)
	at java.io.BufferedReader.read(BufferedReader.java:286)
	at org.xmlpull.mxp1.MXParser.fillBuf(MXParser.java:2992)
	at org.xmlpull.mxp1.MXParser.more(MXParser.java:3046)
	at org.xmlpull.mxp1.MXParser.nextImpl(MXParser.java:1144)
	at org.xmlpull.mxp1.MXParser.next(MXParser.java:1093)
	at org.jivesoftware.smack.PacketReader.parsePackets(PacketReader.java:312)
	at org.jivesoftware.smack.PacketReader.access$000(PacketReader.java:48)
	at org.jivesoftware.smack.PacketReader$1.run(PacketReader.java:76)
ERROR 2017-04-27 13:01:17,968 (XMPPConnectionService.java:400)  new connection state == ERROR
java.net.SocketException: Invalid argument (Read failed)
	at java.net.SocketInputStream.socketRead0(Native Method)
	at java.net.SocketInputStream.socketRead(SocketInputStream.java:116)
	at java.net.SocketInputStream.read(SocketInputStream.java:171)
	at java.net.SocketInputStream.read(SocketInputStream.java:141)
	at sun.security.ssl.InputRecord.readFully(InputRecord.java:465)
	at sun.security.ssl.InputRecord.read(InputRecord.java:503)
	at sun.security.ssl.SSLSocketImpl.readRecord(SSLSocketImpl.java:983)
	at sun.security.ssl.SSLSocketImpl.readDataRecord(SSLSocketImpl.java:940)
	at sun.security.ssl.AppInputStream.read(AppInputStream.java:105)
	at sun.nio.cs.StreamDecoder.readBytes(StreamDecoder.java:284)
	at sun.nio.cs.StreamDecoder.implRead(StreamDecoder.java:326)
	at sun.nio.cs.StreamDecoder.read(StreamDecoder.java:178)
	at java.io.InputStreamReader.read(InputStreamReader.java:184)
	at java.io.BufferedReader.fill(BufferedReader.java:161)
	at java.io.BufferedReader.read1(BufferedReader.java:212)
	at java.io.BufferedReader.read(BufferedReader.java:286)
	at org.xmlpull.mxp1.MXParser.fillBuf(MXParser.java:2992)
	at org.xmlpull.mxp1.MXParser.more(MXParser.java:3046)
	at org.xmlpull.mxp1.MXParser.nextImpl(MXParser.java:1144)
	at org.xmlpull.mxp1.MXParser.next(MXParser.java:1093)
	at org.jivesoftware.smack.PacketReader.parsePackets(PacketReader.java:312)
	at org.jivesoftware.smack.PacketReader.access$000(PacketReader.java:48)
	at org.jivesoftware.smack.PacketReader$1.run(PacketReader.java:76)
DEBUG 2017-04-27 13:01:17,984 (XMPPConnectionService.java:398)  new connection state == NOT_CONNECTED
DEBUG 2017-04-27 17:35:45,269 (UPnPServiceImpl.java:295) deleting existing port mappings
