INFO  2017-04-26 11:17:29,102 (Saros.java:220) Starting Saros 14.10.31 running:
  Java Version: 1.8.0_121
  Java Vendor: Oracle Corporation
  Eclipse Runtime Version: 3.12.0.v20170306-1705
  Operating System: Linux (4.10.10-200.fc25.x86_64)
  Hardware Architecture: amd64
INFO  2017-04-26 11:17:29,122 (SarosContext.java:153) creating Saros runtime context...
INFO  2017-04-26 11:17:29,267 (SarosContext.java:199) successfully created Saros runtime context
DEBUG 2017-04-26 11:17:29,284 (DataTransferManager.java:467) used transport order for the current XMPP connection: [XMPP-Socks5-Transport, XMPP-IBB-Transport]
INFO  2017-04-26 11:17:29,302 (PreferenceInitializer.java:50) initializing preference default values
DEBUG 2017-04-26 11:17:29,333 (SarosAnnotation.java:117) resetting annotation colors
DEBUG 2017-04-26 11:17:29,369 (Saros.java:264) autogenerated favorite color id is: 1
INFO  2017-04-26 11:17:29,377 (XMPPAccountStore.java:106) loaded 0 accounts
DEBUG 2017-04-26 11:17:31,166 (SharedDocumentProvider.java:77) SharedDocumentProvider created by Eclipse
DEBUG 2017-04-26 11:17:33,122 (WhiteboardManager.java:194) WhiteboardManager instantiated
DEBUG 2017-04-26 11:17:33,186 (DocumentRecord.java:93) Added Node: attr(149319825318420476) name=svg
DEBUG 2017-04-26 11:17:51,868 (IconUtils.java:197) color: RGB {255, 255, 255}
DEBUG 2017-04-26 11:17:51,872 (IconUtils.java:208) create foreground icon with color RGB {0, 0, 0}
DEBUG 2017-04-26 11:18:25,919 (CreateXMPPAccountWizard.java:135) Account creation succeeded: username=pika, server=saros-con.imp.fu-berlin.de
DEBUG 2017-04-26 11:18:25,934 (XMPPAccountStore.java:232) saved 1 account(s)
DEBUG 2017-04-26 11:18:25,937 (XMPPAccountStore.java:232) saved 1 account(s)
DEBUG 2017-04-26 11:18:26,219 (XMPPConnectionService.java:439) started Socks5 proxy on port: 7777 [listening on all interfaces]
DEBUG 2017-04-26 11:18:26,221 (XMPPConnectionService.java:459) using autodetected addresses: [148.60.133.32, fe80:0:0:0:e8f6:9d27:8073:8721%wlp2s0]
DEBUG 2017-04-26 11:18:26,224 (XMPPConnectionService.java:398)  new connection state == CONNECTING
DEBUG 2017-04-26 11:18:27,113 (XMPPConnectionService.java:398) pika@saros-con.imp.fu-berlin.de/Saros new connection state == CONNECTED
DEBUG 2017-04-26 11:18:27,114 (DataTransferManager.java:467) used transport order for the current XMPP connection: [XMPP-Socks5-Transport, XMPP-IBB-Transport]
DEBUG 2017-04-26 11:18:27,120 (SkypeManager.java:289) Refreshing Skype username cache...
INFO  2017-04-26 11:18:27,158 (SingleUserChatService.java:84) chat created between pika@saros-con.imp.fu-berlin.de/Saros <->saros-con.imp.fu-berlin.de, created local: false
WARN  2017-04-26 11:18:37,177 (StunServiceImpl.java:420) received no response from STUN server stunserver.org/69.172.201.153:3478 at local address /148.60.133.32:0
DEBUG 2017-04-26 11:41:51,822 (SubscriptionHandler.java:160) contact requests to subscribe to us: blop4@saros-con.imp.fu-berlin.de
DEBUG 2017-04-26 11:41:58,147 (SubscriptionHandler.java:152) contact subscribed to us: blop4@saros-con.imp.fu-berlin.de
DEBUG 2017-04-26 11:41:58,232 (DiscoveryManager.java:382) Inserted DiscoveryInfo into Cache for: blop4@saros-con.imp.fu-berlin.de/Saros
INFO  2017-04-26 11:42:13,795 (StatisticManager.java:184) Current feedback settings:
  Feedback disabled: false
  Feedback interval: 5
  Statistic submission allowed: false
  Pseudonym submission allowed: false
INFO  2017-04-26 11:42:13,802 (ErrorLogManager.java:257) Current error log settings:
  Error log submission allowed: false
  Full Error log submission allowed: false
INFO  2017-04-26 11:42:14,046 (StatisticManager.java:163) Session count: 1
INFO  2017-04-26 11:42:14,047 (ParticipantCollector.java:134) Session started: Current number of participants: 1
DEBUG 2017-04-26 11:42:14,050 (ActivityHandler.java:89) activity dispatcher started
DEBUG 2017-04-26 11:42:14,055 (XStreamExtensionProvider.java:149) Registering new converter of class de.fu_berlin.inf.dpp.misc.xstream.SPathConverter
DEBUG 2017-04-26 11:42:14,056 (XStreamExtensionProvider.java:194) Registering new converter of class de.fu_berlin.inf.dpp.misc.xstream.UserConverter
DEBUG 2017-04-26 11:42:14,121 (MultiUserChatService.java:100) Joining MUC...
DEBUG 2017-04-26 11:42:14,126 (MultiUserChat.java:264) Trying to create room on server conference.saros-con.imp.fu-berlin.de
DEBUG 2017-04-26 11:42:14,166 (MultiUserChat.java:310) Configuring room
DEBUG 2017-04-26 11:42:14,182 (WhiteboardManager.java:104) Skip Whiteboard preparation because session host has no Whiteboard
DEBUG 2017-04-26 11:42:14,183 (ConsistencyAction.java:173) Inconsistency indicator goes: off
DEBUG 2017-04-26 11:42:14,184 (SarosProjectMapper.java:179) added project de.fu_berlin.inf.dpp.filesystem.EclipseProjectImpl@2024821 - P/Code with ID 1666318618 [completely shared:true]
DEBUG 2017-04-26 11:42:14,267 (EditorManager.java:392) DatabaseUserInterface.java
DEBUG 2017-04-26 11:42:14,279 (SharedProjectDecorator.java:99) updating project decoration for all shared projects
INFO  2017-04-26 11:42:14,281 (SarosSessionManager.java:262) session started
DEBUG 2017-04-26 11:42:14,289 (OutgoingSessionNegotiation.java:122) OSN [remote side: blop4@saros-con.imp.fu-berlin.de] : starting invitation
DEBUG 2017-04-26 11:42:14,290 (OutgoingSessionNegotiation.java:223) OSN [remote side: blop4@saros-con.imp.fu-berlin.de] : checking Saros support
DEBUG 2017-04-26 11:42:14,293 (OutgoingSessionNegotiation.java:235) OSN [remote side: blop4@saros-con.imp.fu-berlin.de] :  remote contact offers Saros support
DEBUG 2017-04-26 11:42:14,294 (OutgoingSessionNegotiation.java:253) OSN [remote side: blop4@saros-con.imp.fu-berlin.de/Saros] : checking version compatibility
DEBUG 2017-04-26 11:42:14,545 (MultiUserChat.java:297) MUC created and joined. Server: conference.saros-con.imp.fu-berlin.de Room: SAROS_909354507 Password -1487032354
DEBUG 2017-04-26 11:42:14,611 (OutgoingSessionNegotiation.java:284) OSN [remote side: blop4@saros-con.imp.fu-berlin.de/Saros] : Saros versions are compatible
DEBUG 2017-04-26 11:42:14,612 (OutgoingSessionNegotiation.java:298) OSN [remote side: blop4@saros-con.imp.fu-berlin.de/Saros] : sending invitation
DEBUG 2017-04-26 11:42:14,615 (OutgoingSessionNegotiation.java:314) OSN [remote side: blop4@saros-con.imp.fu-berlin.de/Saros] : waiting for invitation acknowledgement
DEBUG 2017-04-26 11:42:14,692 (EditorListener.java:236) Viewport changed: 153+37
DEBUG 2017-04-26 11:42:15,590 (MultiUserChat.java:133) processPacket called
DEBUG 2017-04-26 11:42:15,591 (MultiUserChatStateManager.java:101) Incoming Message from saros_909354507@conference.saros-con.imp.fu-berlin.de/pika@saros-con.imp.fu-berlin.de/Saros with state: active
DEBUG 2017-04-26 11:42:15,591 (MultiUserChat.java:79) stateChanged fired with state: active
DEBUG 2017-04-26 11:42:15,628 (OutgoingSessionNegotiation.java:325) OSN [remote side: blop4@saros-con.imp.fu-berlin.de/Saros] : invitation acknowledged
DEBUG 2017-04-26 11:42:15,628 (OutgoingSessionNegotiation.java:334) OSN [remote side: blop4@saros-con.imp.fu-berlin.de/Saros] : waiting for peer to accept the invitation
DEBUG 2017-04-26 11:42:17,577 (OutgoingSessionNegotiation.java:345) OSN [remote side: blop4@saros-con.imp.fu-berlin.de/Saros] : invitation accepted
DEBUG 2017-04-26 11:42:17,578 (OutgoingSessionNegotiation.java:355) OSN [remote side: blop4@saros-con.imp.fu-berlin.de/Saros] : waiting for client's session parameters
DEBUG 2017-04-26 11:42:17,579 (OutgoingSessionNegotiation.java:375) OSN [remote side: blop4@saros-con.imp.fu-berlin.de/Saros] : received client's session parameters
DEBUG 2017-04-26 11:42:17,650 (WhiteboardManager.java:163) Detected  Whiteboard at blop4@saros-con.imp.fu-berlin.de/Saros
DEBUG 2017-04-26 11:42:17,651 (OutgoingSessionNegotiation.java:427) OSN [remote side: blop4@saros-con.imp.fu-berlin.de/Saros] : sending updated session negotiation data
DEBUG 2017-04-26 11:42:17,651 (OutgoingSessionNegotiation.java:434) OSN [remote side: blop4@saros-con.imp.fu-berlin.de/Saros] : sent updated session negotiation data
DEBUG 2017-04-26 11:42:17,652 (OutgoingSessionNegotiation.java:444) OSN [remote side: blop4@saros-con.imp.fu-berlin.de/Saros] : waiting for remote side to start its Saros session
DEBUG 2017-04-26 11:42:19,353 (ByteStreamTransport.java:72) received request to establish a  bytestream connection to blop4@saros-con.imp.fu-berlin.de/Saros [de.fu_berlin.inf.dpp.net.internal.ByteStreamTransport$1@205dd19b]
DEBUG 2017-04-26 11:42:19,354 (Socks5Transport.java:368) [SOCKS5Transport] receiving request from blop4@saros-con.imp.fu-berlin.de/Saroswith local SOCKS5 proxy running [port=7777, configured streamhosts=[148.60.133.32, fe80:0:0:0:e8f6:9d27:8073:8721%wlp2s0]]
DEBUG 2017-04-26 11:42:19,357 (Socks5Transport.java:624) [SOCKS5Transport] Start to establish new response connection
WARN  2017-04-26 11:42:39,364 (Socks5Transport.java:411) [SOCKS5Transport] Couldn't accept request but still trying to establish a response connection: Could not establish socket with any provided host
ERROR 2017-04-26 11:42:40,450 (Socks5Transport.java:440) An error occurred while establishing a response connection 
item-not-found(404) Could not establish socket with any provided host
	at org.jivesoftware.smack.util.SyncPacketSend.getReply(SyncPacketSend.java:54)
	at org.jivesoftware.smackx.bytestreams.socks5.Socks5BytestreamManager.establishSession(Socks5BytestreamManager.java:481)
	at org.jivesoftware.smackx.bytestreams.socks5.Socks5BytestreamManager.establishSession(Socks5BytestreamManager.java:83)
	at de.fu_berlin.inf.dpp.net.internal.Socks5Transport.establishResponseSession(Socks5Transport.java:631)
	at de.fu_berlin.inf.dpp.net.internal.Socks5Transport$1.call(Socks5Transport.java:108)
	at de.fu_berlin.inf.dpp.net.internal.Socks5Transport$1.call(Socks5Transport.java:1)
	at java.util.concurrent.FutureTask.run(FutureTask.java:266)
	at java.util.concurrent.ThreadPoolExecutor.runWorker(ThreadPoolExecutor.java:1142)
	at java.util.concurrent.ThreadPoolExecutor$Worker.run(ThreadPoolExecutor.java:617)
	at java.lang.Thread.run(Thread.java:745)
ERROR 2017-04-26 11:42:40,472 (ByteStreamTransport.java:105) could not establish bytestream connection to blop4@saros-con.imp.fu-berlin.de/Saros
java.io.IOException: [SOCKS5Transport] Neither connection could be established. 
	at de.fu_berlin.inf.dpp.net.internal.Socks5Transport.acceptNewRequest(Socks5Transport.java:446)
	at de.fu_berlin.inf.dpp.net.internal.Socks5Transport.acceptRequest(Socks5Transport.java:474)
	at de.fu_berlin.inf.dpp.net.internal.ByteStreamTransport$1.incomingBytestreamRequest(ByteStreamTransport.java:77)
	at org.jivesoftware.smackx.bytestreams.socks5.InitiationListener.processRequest(InitiationListener.java:91)
	at org.jivesoftware.smackx.bytestreams.socks5.InitiationListener.access$000(InitiationListener.java:37)
	at org.jivesoftware.smackx.bytestreams.socks5.InitiationListener$1.run(InitiationListener.java:63)
	at java.util.concurrent.ThreadPoolExecutor.runWorker(ThreadPoolExecutor.java:1142)
	at java.util.concurrent.ThreadPoolExecutor$Worker.run(ThreadPoolExecutor.java:617)
	at java.lang.Thread.run(Thread.java:745)
DEBUG 2017-04-26 11:43:09,487 (ByteStreamTransport.java:72) received request to establish a  bytestream connection to blop4@saros-con.imp.fu-berlin.de/Saros [de.fu_berlin.inf.dpp.net.internal.ByteStreamTransport$1@4a84ae98]
DEBUG 2017-04-26 11:43:09,494 (DataTransferManager.java:136) bytestream connection changed [mode=IBB, id=saros-main-session] blop4@saros-con.imp.fu-berlin.de/Saros, inc=true, pool id=saros-main-session:in:blop4@saros-con.imp.fu-berlin.de/Saros]
DEBUG 2017-04-26 11:43:09,495 (BinaryChannelConnection.java:103) [mode=IBB, id=saros-main-session] blop4@saros-con.imp.fu-berlin.de/Saros ReceiverThread started.
DEBUG 2017-04-26 11:43:10,322 (MultiUserChat.java:133) processPacket called
DEBUG 2017-04-26 11:43:10,323 (MultiUserChatStateManager.java:101) Incoming Message from saros_909354507@conference.saros-con.imp.fu-berlin.de/blop4@saros-con.imp.fu-berlin.de/Saros with state: active
DEBUG 2017-04-26 11:43:10,324 (MultiUserChat.java:79) stateChanged fired with state: active
DEBUG 2017-04-26 11:43:10,640 (OutgoingSessionNegotiation.java:455) OSN [remote side: blop4@saros-con.imp.fu-berlin.de/Saros] : remote side started its Saros session
DEBUG 2017-04-26 11:43:10,640 (OutgoingSessionNegotiation.java:472) OSN [remote side: blop4@saros-con.imp.fu-berlin.de/Saros] : synchronizing user list
DEBUG 2017-04-26 11:43:10,641 (UserInformationHandler.java:152) synchronizing user list (A)[blop4@saros-con.imp.fu-berlin.de/Saros, pika@saros-con.imp.fu-berlin.de/Saros], (R) [] with user(s) [blop4@saros-con.imp.fu-berlin.de/Saros]
DEBUG 2017-04-26 11:43:11,994 (UserInformationHandler.java:204) received user list confirmation from: blop4@saros-con.imp.fu-berlin.de/Saros
DEBUG 2017-04-26 11:43:11,995 (UserInformationHandler.java:211) synchronized user list with user(s) [blop4@saros-con.imp.fu-berlin.de/Saros]
DEBUG 2017-04-26 11:43:11,997 (ChangeColorManager.java:290) reassigning color IDs for the current session users
DEBUG 2017-04-26 11:43:12,002 (ChangeColorManager.java:324) color conflict resolve result = NO CONFLICT
DEBUG 2017-04-26 11:43:12,003 (ChangeColorManager.java:383) new color assignment: {pika@saros-con.imp.fu-berlin.de/Saros=1, blop4@saros-con.imp.fu-berlin.de/Saros=3}
DEBUG 2017-04-26 11:43:12,005 (ChangeColorManager.java:634) updating color id set: [blop4@saros-con.imp.fu-berlin.de, pika@saros-con.imp.fu-berlin.de]
DEBUG 2017-04-26 11:43:12,007 (ActivitySequencer.java:496) send (001) blop4@saros-con.imp.fu-berlin.de/Saros
INFO  2017-04-26 11:43:12,008 (ParticipantCollector.java:67) blop4@saros-con.imp.fu-berlin.de/Saros joined - session now contains 2 users
INFO  2017-04-26 11:43:12,009 (SarosSession.java:456) user blop4@saros-con.imp.fu-berlin.de/Saros joined session
DEBUG 2017-04-26 11:43:12,010 (OutgoingSessionNegotiation.java:482) OSN [remote side: blop4@saros-con.imp.fu-berlin.de/Saros] : added blop4@saros-con.imp.fu-berlin.de/Saros to the current session, colorID: 3
DEBUG 2017-04-26 11:43:12,397 (ActivitySequencer.java:496) send (001) blop4@saros-con.imp.fu-berlin.de/Saros
DEBUG 2017-04-26 11:43:13,348 (OutgoingSessionNegotiation.java:501) OSN [remote side: blop4@saros-con.imp.fu-berlin.de/Saros] : session negotiation finished
DEBUG 2017-04-26 11:43:13,350 (WhiteboardManager.java:89) Preparing Whiteboard for sending an invitation
DEBUG 2017-04-26 11:43:13,352 (ColorUtils.java:21) set foregroundcolor RGB {191, 187, 130}
DEBUG 2017-04-26 11:43:13,354 (IconUtils.java:197) color: RGB {255, 255, 255}
DEBUG 2017-04-26 11:43:13,357 (IconUtils.java:208) create foreground icon with color RGB {191, 187, 130}
DEBUG 2017-04-26 11:43:13,364 (SXEController.java:120) SXE (54): initialize session at inviter side
DEBUG 2017-04-26 11:43:13,371 (SXEOutgoingSynchronizationProcess.java:51) SXE(54)  send state-offer to blop4@saros-con.imp.fu-berlin.de/Saros
DEBUG 2017-04-26 11:43:13,372 (SarosSXETransmitter.java:151) SXE send state-offer to blop4@saros-con.imp.fu-berlin.de/Saros waiting for [accept-state, refuse-state]
INFO  2017-04-26 11:43:13,378 (DataTransferManager.java:409) establishing connection to blop4@saros-con.imp.fu-berlin.de/Saros from pika@saros-con.imp.fu-berlin.de/Saros using transport XMPP-Socks5-Transport
DEBUG 2017-04-26 11:43:13,379 (ByteStreamTransport.java:45) establishing bytestream connection to blop4@saros-con.imp.fu-berlin.de/Saros
DEBUG 2017-04-26 11:43:13,380 (Socks5Transport.java:493) [SOCKS5Transport] establishing connection to blop4@saros-con.imp.fu-berlin.de/Saroswith local SOCKS5 proxy running [port=7777, configured streamhosts=[148.60.133.32, fe80:0:0:0:e8f6:9d27:8073:8721%wlp2s0]]...
DEBUG 2017-04-26 11:43:15,073 (ByteStreamTransport.java:72) received request to establish a  bytestream connection to blop4@saros-con.imp.fu-berlin.de/Saros [de.fu_berlin.inf.dpp.net.internal.ByteStreamTransport$1@205dd19b]
DEBUG 2017-04-26 11:43:15,073 (Socks5Transport.java:311) [SOCKS5Transport] receiving response connection from blop4@saros-con.imp.fu-berlin.de/Saroswith local SOCKS5 proxy running [port=7777, configured streamhosts=[148.60.133.32, fe80:0:0:0:e8f6:9d27:8073:8721%wlp2s0]]
WARN  2017-04-26 11:43:34,447 (Socks5Transport.java:544) [SOCKS5Transport] could not establish a connection to blop4@saros-con.imp.fu-berlin.de/Saros, remote side could not connect to any offered stream hosts: item-not-found(404) Could not establish socket with any provided host
DEBUG 2017-04-26 11:43:34,448 (Socks5Transport.java:567) [SOCKS5Transport] waiting for blop4@saros-con.imp.fu-berlin.de/Saros to establish a connection...
ERROR 2017-04-26 11:43:35,075 (ByteStreamTransport.java:105) could not establish bytestream connection to blop4@saros-con.imp.fu-berlin.de/Saros
Could not establish socket with any provided host: item-not-found(404) Could not establish socket with any provided host
	at org.jivesoftware.smackx.bytestreams.socks5.Socks5BytestreamRequest.cancelRequest(Socks5BytestreamRequest.java:277)
	at org.jivesoftware.smackx.bytestreams.socks5.Socks5BytestreamRequest.accept(Socks5BytestreamRequest.java:247)
	at org.jivesoftware.smackx.bytestreams.socks5.Socks5BytestreamRequest.accept(Socks5BytestreamRequest.java:34)
	at de.fu_berlin.inf.dpp.net.internal.Socks5Transport.handleResponse(Socks5Transport.java:315)
	at de.fu_berlin.inf.dpp.net.internal.Socks5Transport.acceptRequest(Socks5Transport.java:471)
	at de.fu_berlin.inf.dpp.net.internal.ByteStreamTransport$1.incomingBytestreamRequest(ByteStreamTransport.java:77)
	at org.jivesoftware.smackx.bytestreams.socks5.InitiationListener.processRequest(InitiationListener.java:91)
	at org.jivesoftware.smackx.bytestreams.socks5.InitiationListener.access$000(InitiationListener.java:37)
	at org.jivesoftware.smackx.bytestreams.socks5.InitiationListener$1.run(InitiationListener.java:63)
	at java.util.concurrent.ThreadPoolExecutor.runWorker(ThreadPoolExecutor.java:1142)
	at java.util.concurrent.ThreadPoolExecutor$Worker.run(ThreadPoolExecutor.java:617)
	at java.lang.Thread.run(Thread.java:745)
WARN  2017-04-26 11:44:04,449 (DataTransferManager.java:415) failed to connect to blop4@saros-con.imp.fu-berlin.de/Saros using transport: XMPP-Socks5-Transport
java.io.IOException: [SOCKS5Transport] waiting for a response session timed out (30000ms) and could not establish a connection from this side, too:
	at de.fu_berlin.inf.dpp.net.internal.Socks5Transport.establishBinaryChannel(Socks5Transport.java:592)
	at de.fu_berlin.inf.dpp.net.internal.ByteStreamTransport.connect(ByteStreamTransport.java:48)
	at de.fu_berlin.inf.dpp.net.internal.DataTransferManager.connectInternal(DataTransferManager.java:412)
	at de.fu_berlin.inf.dpp.net.internal.DataTransferManager.sendData(DataTransferManager.java:242)
	at de.fu_berlin.inf.dpp.net.internal.XMPPTransmitter.send(XMPPTransmitter.java:88)
	at de.fu_berlin.inf.dpp.net.internal.XMPPTransmitter.send(XMPPTransmitter.java:64)
	at de.fu_berlin.inf.dpp.whiteboard.net.SarosSXETransmitter.sendWithoutDispatch(SarosSXETransmitter.java:137)
	at de.fu_berlin.inf.dpp.whiteboard.net.SarosSXETransmitter.sendAndAwait(SarosSXETransmitter.java:162)
	at de.fu_berlin.inf.dpp.whiteboard.sxe.net.SXEOutgoingSynchronizationProcess.start(SXEOutgoingSynchronizationProcess.java:58)
	at de.fu_berlin.inf.dpp.whiteboard.net.WhiteboardManager$1.postOutgoingInvitationCompleted(WhiteboardManager.java:96)
	at de.fu_berlin.inf.dpp.project.SarosSessionManager.postOutgoingInvitationCompleted(SarosSessionManager.java:667)
	at de.fu_berlin.inf.dpp.negotiation.OutgoingSessionNegotiation.start(OutgoingSessionNegotiation.java:202)
	at de.fu_berlin.inf.dpp.ui.eventhandler.NegotiationHandler$OutgoingInvitationJob.run(NegotiationHandler.java:86)
	at org.eclipse.core.internal.jobs.Worker.run(Worker.java:55)
Caused by: item-not-found(404) Could not establish socket with any provided host
	at org.jivesoftware.smack.util.SyncPacketSend.getReply(SyncPacketSend.java:54)
	at org.jivesoftware.smackx.bytestreams.socks5.Socks5BytestreamManager.establishSession(Socks5BytestreamManager.java:481)
	at org.jivesoftware.smackx.bytestreams.socks5.Socks5BytestreamManager.establishSession(Socks5BytestreamManager.java:83)
	at de.fu_berlin.inf.dpp.net.internal.Socks5Transport.establishBinaryChannel(Socks5Transport.java:512)
	... 13 more
INFO  2017-04-26 11:44:04,452 (DataTransferManager.java:409) establishing connection to blop4@saros-con.imp.fu-berlin.de/Saros from pika@saros-con.imp.fu-berlin.de/Saros using transport XMPP-IBB-Transport
DEBUG 2017-04-26 11:44:04,453 (ByteStreamTransport.java:45) establishing bytestream connection to blop4@saros-con.imp.fu-berlin.de/Saros
DEBUG 2017-04-26 11:44:04,565 (DataTransferManager.java:136) bytestream connection changed [mode=IBB, id=default] blop4@saros-con.imp.fu-berlin.de/Saros, inc=false, pool id=default:out:blop4@saros-con.imp.fu-berlin.de/Saros]
DEBUG 2017-04-26 11:44:04,567 (BinaryChannelConnection.java:103) [mode=IBB, id=default] blop4@saros-con.imp.fu-berlin.de/Saros ReceiverThread started.
DEBUG 2017-04-26 11:44:05,574 (SXEOutgoingSynchronizationProcess.java:70) SXE(54) blop4@saros-con.imp.fu-berlin.de/Saros accepted state-offer
DEBUG 2017-04-26 11:44:05,579 (SXEOutgoingSynchronizationProcess.java:89) SXE(54) Sending state to blop4@saros-con.imp.fu-berlin.de/Saros
DEBUG 2017-04-26 11:44:05,579 (SXEOutgoingSynchronizationProcess.java:91) Send message: de.fu_berlin.inf.dpp.whiteboard.sxe.net.SXEMessage@3e591fb7: from: null, to: blop4@saros-con.imp.fu-berlin.de/Saros, msgId: 1messageTyp: statemessage: [new name=svg ns=http://www.w3.org/2000/svg type=element visible=true rid=149319825318420476 version=0, ]
DEBUG 2017-04-26 11:44:05,580 (CancelableProcess.java:353) process OSN [remote side: blop4@saros-con.imp.fu-berlin.de/Saros] exit status: OK
INFO  2017-04-26 11:44:05,588 (ProjectNegotiationObservable.java:51) This is ProjectNegotiation number 1 in this session. There are 0 process(es) in this session
DEBUG 2017-04-26 11:44:05,956 (OutgoingProjectNegotiation.java:181) OPN [remote side: blop4@saros-con.imp.fu-berlin.de/Saros] : sending file list
DEBUG 2017-04-26 11:44:06,538 (OutgoingProjectNegotiation.java:214) OPN [remote side: blop4@saros-con.imp.fu-berlin.de/Saros] : waiting for remote file list
DEBUG 2017-04-26 11:44:12,351 (OutgoingProjectNegotiation.java:232) OPN [remote side: blop4@saros-con.imp.fu-berlin.de/Saros] : remote file list has been received
DEBUG 2017-04-26 11:44:12,351 (OutgoingProjectNegotiation.java:270) OPN [remote side: blop4@saros-con.imp.fu-berlin.de/Saros] : stopping users [blop4@saros-con.imp.fu-berlin.de/Saros, pika@saros-con.imp.fu-berlin.de/Saros]
DEBUG 2017-04-26 11:44:12,354 (ActivitySequencer.java:496) send (001) blop4@saros-con.imp.fu-berlin.de/Saros
DEBUG 2017-04-26 11:44:12,355 (EditorManager.java:1697) locking all editors
DEBUG 2017-04-26 11:44:12,358 (StopManager.java:239) added StartHandle (pika@saros-con.imp.fu-berlin.de/Saros, 114412352-1891364500255396763, startable) to resulting handles.
DEBUG 2017-04-26 11:44:13,411 (ActivitySequencer.java:546) rcvd (001) blop4@saros-con.imp.fu-berlin.de/Saros
DEBUG 2017-04-26 11:44:13,413 (StopManager.java:390) Acknowledgment arrived blop4@saros-con.imp.fu-berlin.de/Saros
DEBUG 2017-04-26 11:44:13,414 (StopManager.java:239) added StartHandle (blop4@saros-con.imp.fu-berlin.de/Saros, 114412352-3196646387277502120, startable) to resulting handles.
INFO  2017-04-26 11:44:14,410 (SarosSession.java:462) user blop4@saros-con.imp.fu-berlin.de/Saros started queuing projects and can receive IResourceActivities
DEBUG 2017-04-26 11:44:14,416 (OutgoingProjectNegotiation.java:353) OPN [remote side: blop4@saros-con.imp.fu-berlin.de/Saros] : creating archive
DEBUG 2017-04-26 11:44:14,437 (CreateArchiveTask.java:140) created archive /tmp/saros_-33160980376194693721016634315901438649.zip I/O: [433,8 kB in < 1 s at 24,1 MB/s]
DEBUG 2017-04-26 11:44:14,437 (OutgoingProjectNegotiation.java:288) OPN [remote side: blop4@saros-con.imp.fu-berlin.de/Saros] : restarting user pika@saros-con.imp.fu-berlin.de/Saros
DEBUG 2017-04-26 11:44:14,438 (StartHandle.java:58) Called start on pika@saros-con.imp.fu-berlin.de/Saros
DEBUG 2017-04-26 11:44:14,438 (StopManager.java:430) StartHandle (pika@saros-con.imp.fu-berlin.de/Saros, 114412352-1891364500255396763, not startable) couldn't be removed because it doesn't exist any more.
DEBUG 2017-04-26 11:44:14,438 (EditorManager.java:1697) unlocking all editors
DEBUG 2017-04-26 11:44:14,439 (OutgoingProjectNegotiation.java:288) OPN [remote side: blop4@saros-con.imp.fu-berlin.de/Saros] : restarting user blop4@saros-con.imp.fu-berlin.de/Saros
DEBUG 2017-04-26 11:44:14,439 (StartHandle.java:58) Called start on blop4@saros-con.imp.fu-berlin.de/Saros
DEBUG 2017-04-26 11:44:14,439 (OutgoingProjectNegotiation.java:390) OPN [remote side: blop4@saros-con.imp.fu-berlin.de/Saros] : sending archive
DEBUG 2017-04-26 11:44:14,439 (ActivitySequencer.java:496) send (001) blop4@saros-con.imp.fu-berlin.de/Saros
DEBUG 2017-04-26 11:44:16,417 (ActivitySequencer.java:546) rcvd (001) blop4@saros-con.imp.fu-berlin.de/Saros
DEBUG 2017-04-26 11:44:24,195 (ActivitySequencer.java:496) send (001) blop4@saros-con.imp.fu-berlin.de/Saros
DEBUG 2017-04-26 11:44:34,195 (ActivitySequencer.java:496) send (001) blop4@saros-con.imp.fu-berlin.de/Saros
DEBUG 2017-04-26 11:44:44,197 (ActivitySequencer.java:496) send (001) blop4@saros-con.imp.fu-berlin.de/Saros
DEBUG 2017-04-26 11:44:54,198 (ActivitySequencer.java:496) send (001) blop4@saros-con.imp.fu-berlin.de/Saros
DEBUG 2017-04-26 11:45:04,198 (ActivitySequencer.java:496) send (001) blop4@saros-con.imp.fu-berlin.de/Saros
DEBUG 2017-04-26 11:45:14,201 (ActivitySequencer.java:496) send (001) blop4@saros-con.imp.fu-berlin.de/Saros
DEBUG 2017-04-26 11:45:24,202 (ActivitySequencer.java:496) send (001) blop4@saros-con.imp.fu-berlin.de/Saros
DEBUG 2017-04-26 11:45:34,204 (ActivitySequencer.java:496) send (001) blop4@saros-con.imp.fu-berlin.de/Saros
DEBUG 2017-04-26 11:45:44,204 (ActivitySequencer.java:496) send (001) blop4@saros-con.imp.fu-berlin.de/Saros
DEBUG 2017-04-26 11:45:54,205 (ActivitySequencer.java:496) send (001) blop4@saros-con.imp.fu-berlin.de/Saros
DEBUG 2017-04-26 11:46:04,206 (ActivitySequencer.java:496) send (001) blop4@saros-con.imp.fu-berlin.de/Saros
DEBUG 2017-04-26 11:46:14,207 (ActivitySequencer.java:496) send (001) blop4@saros-con.imp.fu-berlin.de/Saros
DEBUG 2017-04-26 11:46:24,207 (ActivitySequencer.java:496) send (001) blop4@saros-con.imp.fu-berlin.de/Saros
DEBUG 2017-04-26 11:46:34,208 (ActivitySequencer.java:496) send (001) blop4@saros-con.imp.fu-berlin.de/Saros
DEBUG 2017-04-26 11:46:44,209 (ActivitySequencer.java:496) send (001) blop4@saros-con.imp.fu-berlin.de/Saros
DEBUG 2017-04-26 11:46:54,209 (ActivitySequencer.java:496) send (001) blop4@saros-con.imp.fu-berlin.de/Saros
DEBUG 2017-04-26 11:47:04,210 (ActivitySequencer.java:496) send (001) blop4@saros-con.imp.fu-berlin.de/Saros
DEBUG 2017-04-26 11:47:14,210 (ActivitySequencer.java:496) send (001) blop4@saros-con.imp.fu-berlin.de/Saros
DEBUG 2017-04-26 11:47:24,213 (ActivitySequencer.java:496) send (001) blop4@saros-con.imp.fu-berlin.de/Saros
DEBUG 2017-04-26 11:47:34,213 (ActivitySequencer.java:496) send (001) blop4@saros-con.imp.fu-berlin.de/Saros
DEBUG 2017-04-26 11:47:44,214 (ActivitySequencer.java:496) send (001) blop4@saros-con.imp.fu-berlin.de/Saros
DEBUG 2017-04-26 11:47:54,214 (ActivitySequencer.java:496) send (001) blop4@saros-con.imp.fu-berlin.de/Saros
DEBUG 2017-04-26 11:48:04,215 (ActivitySequencer.java:496) send (001) blop4@saros-con.imp.fu-berlin.de/Saros
DEBUG 2017-04-26 11:48:14,216 (ActivitySequencer.java:496) send (001) blop4@saros-con.imp.fu-berlin.de/Saros
DEBUG 2017-04-26 11:48:24,217 (ActivitySequencer.java:496) send (001) blop4@saros-con.imp.fu-berlin.de/Saros
DEBUG 2017-04-26 11:48:34,217 (ActivitySequencer.java:496) send (001) blop4@saros-con.imp.fu-berlin.de/Saros
DEBUG 2017-04-26 11:48:44,218 (ActivitySequencer.java:496) send (001) blop4@saros-con.imp.fu-berlin.de/Saros
DEBUG 2017-04-26 11:48:54,220 (ActivitySequencer.java:496) send (001) blop4@saros-con.imp.fu-berlin.de/Saros
DEBUG 2017-04-26 11:49:04,221 (ActivitySequencer.java:496) send (001) blop4@saros-con.imp.fu-berlin.de/Saros
DEBUG 2017-04-26 11:49:14,221 (ActivitySequencer.java:496) send (001) blop4@saros-con.imp.fu-berlin.de/Saros
DEBUG 2017-04-26 11:49:24,222 (ActivitySequencer.java:496) send (001) blop4@saros-con.imp.fu-berlin.de/Saros
DEBUG 2017-04-26 11:49:34,222 (ActivitySequencer.java:496) send (001) blop4@saros-con.imp.fu-berlin.de/Saros
DEBUG 2017-04-26 11:49:44,223 (ActivitySequencer.java:496) send (001) blop4@saros-con.imp.fu-berlin.de/Saros
DEBUG 2017-04-26 11:49:54,224 (ActivitySequencer.java:496) send (001) blop4@saros-con.imp.fu-berlin.de/Saros
DEBUG 2017-04-26 11:49:58,773 (OutgoingProjectNegotiation.java:407) OPN [remote side: blop4@saros-con.imp.fu-berlin.de/Saros] : archive send
INFO  2017-04-26 11:49:58,774 (SarosSession.java:482) user blop4@saros-con.imp.fu-berlin.de/Saros now has Projects and can process IResourceActivities
DEBUG 2017-04-26 11:49:58,776 (ActivitySequencer.java:496) send (004) blop4@saros-con.imp.fu-berlin.de/Saros
DEBUG 2017-04-26 11:50:00,340 (CancelableProcess.java:353) process OPN [remote side: blop4@saros-con.imp.fu-berlin.de/Saros] exit status: OK
DEBUG 2017-04-26 11:50:00,802 (ActivitySequencer.java:546) rcvd (001) blop4@saros-con.imp.fu-berlin.de/Saros
DEBUG 2017-04-26 11:50:04,224 (ActivitySequencer.java:496) send (001) blop4@saros-con.imp.fu-berlin.de/Saros
DEBUG 2017-04-26 11:50:14,225 (ActivitySequencer.java:496) send (001) blop4@saros-con.imp.fu-berlin.de/Saros
DEBUG 2017-04-26 11:50:24,225 (ActivitySequencer.java:496) send (001) blop4@saros-con.imp.fu-berlin.de/Saros
DEBUG 2017-04-26 11:50:34,226 (ActivitySequencer.java:496) send (001) blop4@saros-con.imp.fu-berlin.de/Saros
DEBUG 2017-04-26 11:50:44,226 (ActivitySequencer.java:496) send (001) blop4@saros-con.imp.fu-berlin.de/Saros
DEBUG 2017-04-26 11:50:54,227 (ActivitySequencer.java:496) send (001) blop4@saros-con.imp.fu-berlin.de/Saros
DEBUG 2017-04-26 11:51:04,228 (ActivitySequencer.java:496) send (001) blop4@saros-con.imp.fu-berlin.de/Saros
DEBUG 2017-04-26 11:51:14,228 (ActivitySequencer.java:496) send (001) blop4@saros-con.imp.fu-berlin.de/Saros
DEBUG 2017-04-26 11:51:24,229 (ActivitySequencer.java:496) send (001) blop4@saros-con.imp.fu-berlin.de/Saros
DEBUG 2017-04-26 11:51:34,229 (ActivitySequencer.java:496) send (001) blop4@saros-con.imp.fu-berlin.de/Saros
DEBUG 2017-04-26 11:51:44,230 (ActivitySequencer.java:496) send (001) blop4@saros-con.imp.fu-berlin.de/Saros
DEBUG 2017-04-26 11:51:54,231 (ActivitySequencer.java:496) send (001) blop4@saros-con.imp.fu-berlin.de/Saros
DEBUG 2017-04-26 11:52:04,231 (ActivitySequencer.java:496) send (001) blop4@saros-con.imp.fu-berlin.de/Saros
DEBUG 2017-04-26 11:52:14,234 (ActivitySequencer.java:496) send (001) blop4@saros-con.imp.fu-berlin.de/Saros
DEBUG 2017-04-26 11:52:24,235 (ActivitySequencer.java:496) send (001) blop4@saros-con.imp.fu-berlin.de/Saros
DEBUG 2017-04-26 11:52:34,235 (ActivitySequencer.java:496) send (001) blop4@saros-con.imp.fu-berlin.de/Saros
DEBUG 2017-04-26 11:52:44,237 (ActivitySequencer.java:496) send (001) blop4@saros-con.imp.fu-berlin.de/Saros
DEBUG 2017-04-26 11:52:54,237 (ActivitySequencer.java:496) send (001) blop4@saros-con.imp.fu-berlin.de/Saros
DEBUG 2017-04-26 11:53:04,238 (ActivitySequencer.java:496) send (001) blop4@saros-con.imp.fu-berlin.de/Saros
DEBUG 2017-04-26 11:53:14,238 (ActivitySequencer.java:496) send (001) blop4@saros-con.imp.fu-berlin.de/Saros
DEBUG 2017-04-26 11:53:24,240 (ActivitySequencer.java:496) send (001) blop4@saros-con.imp.fu-berlin.de/Saros
DEBUG 2017-04-26 11:53:34,241 (ActivitySequencer.java:496) send (001) blop4@saros-con.imp.fu-berlin.de/Saros
DEBUG 2017-04-26 11:53:44,241 (ActivitySequencer.java:496) send (001) blop4@saros-con.imp.fu-berlin.de/Saros
DEBUG 2017-04-26 11:53:54,242 (ActivitySequencer.java:496) send (001) blop4@saros-con.imp.fu-berlin.de/Saros
DEBUG 2017-04-26 11:54:04,253 (ActivitySequencer.java:496) send (001) blop4@saros-con.imp.fu-berlin.de/Saros
DEBUG 2017-04-26 11:54:14,253 (ActivitySequencer.java:496) send (001) blop4@saros-con.imp.fu-berlin.de/Saros
DEBUG 2017-04-26 11:54:24,254 (ActivitySequencer.java:496) send (001) blop4@saros-con.imp.fu-berlin.de/Saros
DEBUG 2017-04-26 11:54:31,603 (ActivitySequencer.java:546) rcvd (001) blop4@saros-con.imp.fu-berlin.de/Saros
DEBUG 2017-04-26 11:54:31,987 (ActivitySequencer.java:546) rcvd (003) blop4@saros-con.imp.fu-berlin.de/Saros
DEBUG 2017-04-26 11:54:32,788 (ActivitySequencer.java:546) rcvd (003) blop4@saros-con.imp.fu-berlin.de/Saros
DEBUG 2017-04-26 11:54:34,254 (ActivitySequencer.java:496) send (001) blop4@saros-con.imp.fu-berlin.de/Saros
DEBUG 2017-04-26 11:54:44,255 (ActivitySequencer.java:496) send (001) blop4@saros-con.imp.fu-berlin.de/Saros
DEBUG 2017-04-26 11:54:54,256 (ActivitySequencer.java:496) send (001) blop4@saros-con.imp.fu-berlin.de/Saros
DEBUG 2017-04-26 11:55:04,256 (ActivitySequencer.java:496) send (001) blop4@saros-con.imp.fu-berlin.de/Saros
DEBUG 2017-04-26 11:55:14,257 (ActivitySequencer.java:496) send (001) blop4@saros-con.imp.fu-berlin.de/Saros
DEBUG 2017-04-26 11:55:24,257 (ActivitySequencer.java:496) send (001) blop4@saros-con.imp.fu-berlin.de/Saros
DEBUG 2017-04-26 11:55:34,260 (ActivitySequencer.java:496) send (001) blop4@saros-con.imp.fu-berlin.de/Saros
DEBUG 2017-04-26 11:55:44,261 (ActivitySequencer.java:496) send (001) blop4@saros-con.imp.fu-berlin.de/Saros
DEBUG 2017-04-26 11:55:54,261 (ActivitySequencer.java:496) send (001) blop4@saros-con.imp.fu-berlin.de/Saros
DEBUG 2017-04-26 11:56:04,264 (ActivitySequencer.java:496) send (001) blop4@saros-con.imp.fu-berlin.de/Saros
DEBUG 2017-04-26 11:56:14,267 (ActivitySequencer.java:496) send (001) blop4@saros-con.imp.fu-berlin.de/Saros
DEBUG 2017-04-26 11:56:24,270 (ActivitySequencer.java:496) send (001) blop4@saros-con.imp.fu-berlin.de/Saros
DEBUG 2017-04-26 11:56:34,271 (ActivitySequencer.java:496) send (001) blop4@saros-con.imp.fu-berlin.de/Saros
DEBUG 2017-04-26 11:56:44,271 (ActivitySequencer.java:496) send (001) blop4@saros-con.imp.fu-berlin.de/Saros
DEBUG 2017-04-26 11:56:54,272 (ActivitySequencer.java:496) send (001) blop4@saros-con.imp.fu-berlin.de/Saros
DEBUG 2017-04-26 11:57:04,272 (ActivitySequencer.java:496) send (001) blop4@saros-con.imp.fu-berlin.de/Saros
DEBUG 2017-04-26 11:57:14,273 (ActivitySequencer.java:496) send (001) blop4@saros-con.imp.fu-berlin.de/Saros
DEBUG 2017-04-26 11:57:24,273 (ActivitySequencer.java:496) send (001) blop4@saros-con.imp.fu-berlin.de/Saros
DEBUG 2017-04-26 11:57:34,274 (ActivitySequencer.java:496) send (001) blop4@saros-con.imp.fu-berlin.de/Saros
DEBUG 2017-04-26 11:57:44,275 (ActivitySequencer.java:496) send (001) blop4@saros-con.imp.fu-berlin.de/Saros
DEBUG 2017-04-26 11:57:53,608 (ActivitySequencer.java:546) rcvd (001) blop4@saros-con.imp.fu-berlin.de/Saros
DEBUG 2017-04-26 11:57:54,282 (ActivitySequencer.java:496) send (001) blop4@saros-con.imp.fu-berlin.de/Saros
DEBUG 2017-04-26 11:57:58,619 (ActivitySequencer.java:546) rcvd (001) blop4@saros-con.imp.fu-berlin.de/Saros
DEBUG 2017-04-26 11:58:04,284 (ActivitySequencer.java:496) send (001) blop4@saros-con.imp.fu-berlin.de/Saros
DEBUG 2017-04-26 11:58:14,284 (ActivitySequencer.java:496) send (001) blop4@saros-con.imp.fu-berlin.de/Saros
DEBUG 2017-04-26 11:58:24,285 (ActivitySequencer.java:496) send (001) blop4@saros-con.imp.fu-berlin.de/Saros
DEBUG 2017-04-26 11:58:34,286 (ActivitySequencer.java:496) send (001) blop4@saros-con.imp.fu-berlin.de/Saros
DEBUG 2017-04-26 11:58:44,286 (ActivitySequencer.java:496) send (001) blop4@saros-con.imp.fu-berlin.de/Saros
DEBUG 2017-04-26 11:58:54,287 (ActivitySequencer.java:496) send (001) blop4@saros-con.imp.fu-berlin.de/Saros
DEBUG 2017-04-26 11:58:56,968 (EditorListener.java:236) Viewport changed: 158+36
DEBUG 2017-04-26 11:58:56,968 (ActivitySequencer.java:496) send (001) blop4@saros-con.imp.fu-berlin.de/Saros
DEBUG 2017-04-26 11:58:56,969 (EditorListener.java:236) Viewport changed: 162+37
DEBUG 2017-04-26 11:58:56,990 (EditorListener.java:236) Viewport changed: 167+36
DEBUG 2017-04-26 11:58:56,991 (EditorListener.java:236) Viewport changed: 171+37
DEBUG 2017-04-26 11:58:57,023 (EditorListener.java:236) Viewport changed: 174+37
DEBUG 2017-04-26 11:58:57,142 (ActivitySequencer.java:496) send (001) blop4@saros-con.imp.fu-berlin.de/Saros
DEBUG 2017-04-26 11:58:58,331 (EditorListener.java:236) Viewport changed: 170+36
DEBUG 2017-04-26 11:58:58,332 (ActivitySequencer.java:496) send (001) blop4@saros-con.imp.fu-berlin.de/Saros
DEBUG 2017-04-26 11:58:59,535 (EditorListener.java:236) Viewport changed: 165+36
DEBUG 2017-04-26 11:58:59,536 (ActivitySequencer.java:496) send (001) blop4@saros-con.imp.fu-berlin.de/Saros
DEBUG 2017-04-26 11:58:59,538 (EditorListener.java:236) Viewport changed: 161+36
DEBUG 2017-04-26 11:58:59,593 (EditorListener.java:236) Viewport changed: 156+36
DEBUG 2017-04-26 11:58:59,754 (ActivitySequencer.java:496) send (001) blop4@saros-con.imp.fu-berlin.de/Saros
DEBUG 2017-04-26 11:59:04,299 (ActivitySequencer.java:496) send (001) blop4@saros-con.imp.fu-berlin.de/Saros
DEBUG 2017-04-26 11:59:04,614 (ActivitySequencer.java:496) send (002) blop4@saros-con.imp.fu-berlin.de/Saros
DEBUG 2017-04-26 11:59:04,915 (ActivitySequencer.java:496) send (002) blop4@saros-con.imp.fu-berlin.de/Saros
DEBUG 2017-04-26 11:59:05,707 (ActivitySequencer.java:496) send (004) blop4@saros-con.imp.fu-berlin.de/Saros
DEBUG 2017-04-26 11:59:06,285 (ActivitySequencer.java:496) send (002) blop4@saros-con.imp.fu-berlin.de/Saros
DEBUG 2017-04-26 11:59:07,156 (DirtyStateListener.java:75) Dirty state reset for: L/Code/src/DatabaseUserInterface.java
DEBUG 2017-04-26 11:59:07,274 (ActivitySequencer.java:496) send (003) blop4@saros-con.imp.fu-berlin.de/Saros
DEBUG 2017-04-26 11:59:14,304 (ActivitySequencer.java:496) send (001) blop4@saros-con.imp.fu-berlin.de/Saros
DEBUG 2017-04-26 11:59:24,304 (ActivitySequencer.java:496) send (001) blop4@saros-con.imp.fu-berlin.de/Saros
DEBUG 2017-04-26 11:59:24,367 (EditorListener.java:236) Viewport changed: 161+36
DEBUG 2017-04-26 11:59:24,369 (EditorListener.java:236) Viewport changed: 165+36
DEBUG 2017-04-26 11:59:24,371 (EditorListener.java:236) Viewport changed: 170+36
DEBUG 2017-04-26 11:59:24,401 (EditorListener.java:236) Viewport changed: 173+37
DEBUG 2017-04-26 11:59:24,772 (EditorListener.java:236) Viewport changed: 169+36
DEBUG 2017-04-26 11:59:24,774 (EditorListener.java:236) Viewport changed: 164+36
DEBUG 2017-04-26 11:59:24,775 (EditorListener.java:236) Viewport changed: 160+36
DEBUG 2017-04-26 11:59:24,802 (EditorListener.java:236) Viewport changed: 155+36
DEBUG 2017-04-26 11:59:24,804 (EditorListener.java:236) Viewport changed: 151+36
DEBUG 2017-04-26 11:59:24,805 (EditorListener.java:236) Viewport changed: 146+36
DEBUG 2017-04-26 11:59:24,806 (EditorListener.java:236) Viewport changed: 141+37
DEBUG 2017-04-26 11:59:24,806 (EditorListener.java:236) Viewport changed: 137+36
DEBUG 2017-04-26 11:59:24,807 (EditorListener.java:236) Viewport changed: 132+37
DEBUG 2017-04-26 11:59:24,808 (EditorListener.java:236) Viewport changed: 128+36
DEBUG 2017-04-26 11:59:24,809 (EditorListener.java:236) Viewport changed: 123+37
DEBUG 2017-04-26 11:59:24,810 (EditorListener.java:236) Viewport changed: 119+36
DEBUG 2017-04-26 11:59:24,811 (EditorListener.java:236) Viewport changed: 114+37
DEBUG 2017-04-26 11:59:24,811 (EditorListener.java:236) Viewport changed: 110+36
DEBUG 2017-04-26 11:59:24,812 (EditorListener.java:236) Viewport changed: 105+37
DEBUG 2017-04-26 11:59:24,813 (EditorListener.java:236) Viewport changed: 101+36
DEBUG 2017-04-26 11:59:24,822 (ActivitySequencer.java:496) send (001) blop4@saros-con.imp.fu-berlin.de/Saros
DEBUG 2017-04-26 11:59:24,844 (EditorListener.java:236) Viewport changed: 96+37
DEBUG 2017-04-26 11:59:24,845 (EditorListener.java:236) Viewport changed: 92+36
DEBUG 2017-04-26 11:59:24,846 (EditorListener.java:236) Viewport changed: 87+37
DEBUG 2017-04-26 11:59:24,847 (EditorListener.java:236) Viewport changed: 83+36
DEBUG 2017-04-26 11:59:24,849 (EditorListener.java:236) Viewport changed: 78+36
DEBUG 2017-04-26 11:59:24,850 (EditorListener.java:236) Viewport changed: 74+36
DEBUG 2017-04-26 11:59:24,876 (EditorListener.java:236) Viewport changed: 69+36
DEBUG 2017-04-26 11:59:24,877 (EditorListener.java:236) Viewport changed: 65+36
DEBUG 2017-04-26 11:59:24,878 (EditorListener.java:236) Viewport changed: 60+36
DEBUG 2017-04-26 11:59:24,879 (EditorListener.java:236) Viewport changed: 56+36
DEBUG 2017-04-26 11:59:24,909 (EditorListener.java:236) Viewport changed: 51+36
DEBUG 2017-04-26 11:59:24,911 (EditorListener.java:236) Viewport changed: 46+37
DEBUG 2017-04-26 11:59:25,174 (EditorListener.java:236) Viewport changed: 42+36
DEBUG 2017-04-26 11:59:25,176 (EditorListener.java:236) Viewport changed: 37+37
DEBUG 2017-04-26 11:59:25,177 (EditorListener.java:236) Viewport changed: 33+36
DEBUG 2017-04-26 11:59:25,178 (EditorListener.java:236) Viewport changed: 28+37
DEBUG 2017-04-26 11:59:25,179 (EditorListener.java:236) Viewport changed: 24+36
DEBUG 2017-04-26 11:59:25,181 (EditorListener.java:236) Viewport changed: 19+37
DEBUG 2017-04-26 11:59:25,205 (EditorListener.java:236) Viewport changed: 15+36
DEBUG 2017-04-26 11:59:25,207 (EditorListener.java:236) Viewport changed: 10+37
DEBUG 2017-04-26 11:59:25,209 (EditorListener.java:236) Viewport changed: 6+36
DEBUG 2017-04-26 11:59:25,210 (EditorListener.java:236) Viewport changed: 1+37
DEBUG 2017-04-26 11:59:25,211 (EditorListener.java:236) Viewport changed: 0+37
DEBUG 2017-04-26 11:59:25,239 (ActivitySequencer.java:496) send (001) blop4@saros-con.imp.fu-berlin.de/Saros
DEBUG 2017-04-26 11:59:34,305 (ActivitySequencer.java:496) send (001) blop4@saros-con.imp.fu-berlin.de/Saros
DEBUG 2017-04-26 11:59:44,306 (ActivitySequencer.java:496) send (001) blop4@saros-con.imp.fu-berlin.de/Saros
DEBUG 2017-04-26 11:59:54,306 (ActivitySequencer.java:496) send (001) blop4@saros-con.imp.fu-berlin.de/Saros
DEBUG 2017-04-26 12:00:01,727 (EditorListener.java:236) Viewport changed: 5+36
DEBUG 2017-04-26 12:00:01,728 (ActivitySequencer.java:496) send (001) blop4@saros-con.imp.fu-berlin.de/Saros
DEBUG 2017-04-26 12:00:01,745 (EditorListener.java:236) Viewport changed: 9+37
DEBUG 2017-04-26 12:00:01,746 (EditorListener.java:236) Viewport changed: 14+36
DEBUG 2017-04-26 12:00:01,765 (EditorListener.java:236) Viewport changed: 19+36
DEBUG 2017-04-26 12:00:01,768 (EditorListener.java:236) Viewport changed: 23+36
DEBUG 2017-04-26 12:00:01,795 (EditorListener.java:236) Viewport changed: 28+36
DEBUG 2017-04-26 12:00:01,812 (EditorListener.java:236) Viewport changed: 32+36
DEBUG 2017-04-26 12:00:01,894 (EditorListener.java:236) Viewport changed: 37+36
DEBUG 2017-04-26 12:00:01,900 (ActivitySequencer.java:496) send (001) blop4@saros-con.imp.fu-berlin.de/Saros
DEBUG 2017-04-26 12:00:02,427 (EditorListener.java:236) Viewport changed: 41+36
DEBUG 2017-04-26 12:00:02,428 (ActivitySequencer.java:496) send (001) blop4@saros-con.imp.fu-berlin.de/Saros
DEBUG 2017-04-26 12:00:02,470 (EditorListener.java:236) Viewport changed: 46+36
DEBUG 2017-04-26 12:00:02,489 (EditorListener.java:236) Viewport changed: 50+37
DEBUG 2017-04-26 12:00:02,537 (EditorListener.java:236) Viewport changed: 55+36
DEBUG 2017-04-26 12:00:03,049 (ActivitySequencer.java:496) send (001) blop4@saros-con.imp.fu-berlin.de/Saros
DEBUG 2017-04-26 12:00:03,259 (EditorListener.java:236) Viewport changed: 59+37
DEBUG 2017-04-26 12:00:03,295 (EditorListener.java:236) Viewport changed: 64+36
DEBUG 2017-04-26 12:00:03,341 (EditorListener.java:236) Viewport changed: 68+37
DEBUG 2017-04-26 12:00:03,691 (EditorListener.java:236) Viewport changed: 73+36
DEBUG 2017-04-26 12:00:03,711 (EditorListener.java:236) Viewport changed: 77+37
DEBUG 2017-04-26 12:00:03,712 (EditorListener.java:236) Viewport changed: 82+36
DEBUG 2017-04-26 12:00:03,730 (EditorListener.java:236) Viewport changed: 86+37
DEBUG 2017-04-26 12:00:03,731 (EditorListener.java:236) Viewport changed: 91+36
DEBUG 2017-04-26 12:00:03,760 (EditorListener.java:236) Viewport changed: 95+37
DEBUG 2017-04-26 12:00:03,780 (ActivitySequencer.java:496) send (001) blop4@saros-con.imp.fu-berlin.de/Saros
DEBUG 2017-04-26 12:00:03,780 (EditorListener.java:236) Viewport changed: 100+36
DEBUG 2017-04-26 12:00:03,857 (EditorListener.java:236) Viewport changed: 104+37
DEBUG 2017-04-26 12:00:04,407 (ActivitySequencer.java:496) send (002) blop4@saros-con.imp.fu-berlin.de/Saros
DEBUG 2017-04-26 12:00:04,620 (EditorListener.java:236) Viewport changed: 109+36
DEBUG 2017-04-26 12:00:04,680 (EditorListener.java:236) Viewport changed: 114+36
DEBUG 2017-04-26 12:00:04,747 (EditorListener.java:236) Viewport changed: 118+36
DEBUG 2017-04-26 12:00:04,797 (EditorListener.java:236) Viewport changed: 123+36
DEBUG 2017-04-26 12:00:04,822 (EditorListener.java:236) Viewport changed: 127+36
DEBUG 2017-04-26 12:00:04,857 (EditorListener.java:236) Viewport changed: 132+36
DEBUG 2017-04-26 12:00:04,880 (EditorListener.java:236) Viewport changed: 136+36
DEBUG 2017-04-26 12:00:04,898 (EditorListener.java:236) Viewport changed: 141+36
DEBUG 2017-04-26 12:00:05,034 (ActivitySequencer.java:496) send (001) blop4@saros-con.imp.fu-berlin.de/Saros
DEBUG 2017-04-26 12:00:05,080 (EditorListener.java:236) Viewport changed: 145+37
DEBUG 2017-04-26 12:00:05,604 (EditorListener.java:236) Viewport changed: 141+36
DEBUG 2017-04-26 12:00:05,765 (ActivitySequencer.java:496) send (001) blop4@saros-con.imp.fu-berlin.de/Saros
DEBUG 2017-04-26 12:00:06,326 (EditorListener.java:236) Viewport changed: 136+36
DEBUG 2017-04-26 12:00:06,392 (ActivitySequencer.java:496) send (001) blop4@saros-con.imp.fu-berlin.de/Saros
DEBUG 2017-04-26 12:00:06,402 (EditorListener.java:236) Viewport changed: 132+36
DEBUG 2017-04-26 12:00:07,124 (ActivitySequencer.java:496) send (001) blop4@saros-con.imp.fu-berlin.de/Saros
DEBUG 2017-04-26 12:00:14,307 (ActivitySequencer.java:496) send (001) blop4@saros-con.imp.fu-berlin.de/Saros
DEBUG 2017-04-26 12:00:24,308 (ActivitySequencer.java:496) send (001) blop4@saros-con.imp.fu-berlin.de/Saros
DEBUG 2017-04-26 12:00:27,457 (ActivitySequencer.java:546) rcvd (001) blop4@saros-con.imp.fu-berlin.de/Saros
DEBUG 2017-04-26 12:00:27,909 (ActivitySequencer.java:546) rcvd (001) blop4@saros-con.imp.fu-berlin.de/Saros
DEBUG 2017-04-26 12:00:28,748 (ChangeColorManager.java:290) reassigning color IDs for the current session users
DEBUG 2017-04-26 12:00:28,755 (ChangeColorManager.java:324) color conflict resolve result = NO CONFLICT
DEBUG 2017-04-26 12:00:28,756 (ChangeColorManager.java:383) new color assignment: {pika@saros-con.imp.fu-berlin.de/Saros=1}
DEBUG 2017-04-26 12:00:28,757 (ChangeColorManager.java:634) updating color id set: [pika@saros-con.imp.fu-berlin.de]
INFO  2017-04-26 12:00:28,760 (ParticipantCollector.java:77) blop4@saros-con.imp.fu-berlin.de/Saros left - session now contains 1 users
DEBUG 2017-04-26 12:00:29,709 (BinaryChannelConnection.java:112) [mode=IBB, id=default] blop4@saros-con.imp.fu-berlin.de/Saros connection closed remotely:null
DEBUG 2017-04-26 12:00:29,744 (BinaryChannelConnection.java:112) [mode=IBB, id=saros-main-session] blop4@saros-con.imp.fu-berlin.de/Saros connection closed remotely:null
DEBUG 2017-04-26 12:00:29,823 (DataTransferManager.java:330) closed connection [pool id=default:out:blop4@saros-con.imp.fu-berlin.de/Saros]: [mode=IBB, id=default] blop4@saros-con.imp.fu-berlin.de/Saros
DEBUG 2017-04-26 12:00:29,856 (DataTransferManager.java:336) closed connection [pool id=saros-main-session:in:blop4@saros-con.imp.fu-berlin.de/Saros]: [mode=IBB, id=saros-main-session] blop4@saros-con.imp.fu-berlin.de/Saros
DEBUG 2017-04-26 12:00:30,102 (DiscoveryManager.java:98) clearing cache entry of contact blop4@saros-con.imp.fu-berlin.de/Saros: <query xmlns="http://jabber.org/protocol/disco#info"><identity category="client" name="Smack" type="pc"/><feature var="http://jabber.org/protocol/disco#items"/><feature var="urn:xmpp:ping"/><feature var="jabber:iq:last"/><feature var="http://jabber.org/protocol/commands"/><feature var="http://jabber.org/protocol/muc"/><feature var="http://jabber.org/protocol/bytestreams"/><feature var="http://jabber.org/protocol/xhtml-im"/><feature var="de.fu_berlin.inf.dpp"/><feature var="http://jabber.org/protocol/chatstates"/><feature var="http://jabber.org/protocol/disco#info"/></query>
INFO  2017-04-26 12:00:32,192 (SarosSession.java:555) user blop4@saros-con.imp.fu-berlin.de/Saros left session
DEBUG 2017-04-26 12:00:32,304 (SarosSessionManager.java:330) terminating all running negotiation processes
DEBUG 2017-04-26 12:00:32,306 (SarosSessionManager.java:337) Leave message sent.
DEBUG 2017-04-26 12:00:32,307 (ActivityHandler.java:109) activity dispatcher stopped
INFO  2017-04-26 12:00:32,307 (FeedbackManager.java:104) Session lasted 18 min 18 s
DEBUG 2017-04-26 12:00:32,313 (FollowModeCollector.java:177) Processing follow mode changes took 0.0 s
INFO  2017-04-26 12:00:32,315 (ParticipantCollector.java:145) Session ended: Current number of participants: 1
DEBUG 2017-04-26 12:00:32,317 (StatisticManager.java:329) Session statistic:
  auto.followmode.enabled=false
  data_transfer.IBB.average_throughput_kbs=0.7
  data_transfer.IBB.number_of_events=210
  data_transfer.IBB.total_size_kb=41
  data_transfer.IBB.total_time_ms=56624
  feedback.disabled=false
  feedback.survey.interval=5
  followmode.time.percent=0
  followmode.time.total=0.0
  followmode.toggles=0
  gesture.count=0
  java.version=1.8.0_121
  jumped.count=0
  jumped.driver.count=0
  jumped.observer.count=0
  observer.selection.count.witnessed=0
  observer.selection.count=0
  os.name=Linux
  platform.version=3.12.0.v20170306-1705
  random.user.id=2017-04-26_12-00-32_2131731047
  role.1.duration=18.3
  role.1=write_access
  role.changes=0
  role.driver.duration=18.3
  role.driver.percent=100
  role.observer.duration=0.0
  role.observer.percent=0
  saros.version=14.10.31
  session.count=1
  session.id=909354507
  session.local.start=2017-04-26T10:00:32Z
  session.shared.project.complete.count=1
  session.shared.project.partial.count=0
  session.shared.project.partial.files.count=0
  session.time.users.1.percent=6
  session.time.users.1=1.03
  session.time.users.2.percent=94
  session.time.users.2=17.28
  session.time=18.3
  session.users.total=2
  textedits.chars=0
  textedits.count=0
  textedits.nonparallel.chars=0
  textedits.nonparallel.percent=0
  textedits.pastes.chars=0
  textedits.pastes=0
  user.is.host=true
INFO  2017-04-26 12:00:32,319 (StatisticManager.java:243) User does not allow to submit session statistics
DEBUG 2017-04-26 12:00:32,400 (EditorManager.java:1697) unlocking all editors
DEBUG 2017-04-26 12:00:32,402 (XStreamExtensionProvider.java:169) Unregistering (resetting) converter of class de.fu_berlin.inf.dpp.misc.xstream.SPathConverter
DEBUG 2017-04-26 12:00:32,408 (XStreamExtensionProvider.java:216) Unregistering (resetting) converter of class de.fu_berlin.inf.dpp.misc.xstream.UserConverter
DEBUG 2017-04-26 12:00:32,575 (SharedProjectDecorator.java:93) clearing project decoration for all shared projects
DEBUG 2017-04-26 12:00:32,575 (DocumentRecord.java:93) Added Node: attr(149320083257512289) name=svg
DEBUG 2017-04-26 12:00:32,583 (MultiUserChatService.java:135) leaving multi user chat de.fu_berlin.inf.dpp.communication.chat.muc.MultiUserChat@7a8ecb11
INFO  2017-04-26 12:00:32,620 (SarosSessionManager.java:351) session stopped
INFO  2017-04-26 12:00:33,867 (FeedbackManager.java:136) Asking for feedback survey: User agreed (external browser)
DEBUG 2017-04-26 12:08:28,798 (XMPPConnectionService.java:398) pika@saros-con.imp.fu-berlin.de/Saros new connection state == DISCONNECTING
WARN  2017-04-26 12:08:28,800 (SWTUtils.java:144) could not execute runnable de.fu_berlin.inf.dpp.ui.widgets.chat.ChatControl$5$4@7dd0fdfd, UI thread is not available
StackTrace:
	at de.fu_berlin.inf.dpp.ui.util.SWTUtils.runSafeSWTAsync(SWTUtils.java:145)
	at de.fu_berlin.inf.dpp.ui.widgets.chat.ChatControl$5.disconnected(ChatControl.java:301)
	at de.fu_berlin.inf.dpp.communication.chat.AbstractChat.notifyJIDDisconnected(AbstractChat.java:72)
	at de.fu_berlin.inf.dpp.communication.chat.single.SingleUserChat.setConnected(SingleUserChat.java:125)
	at de.fu_berlin.inf.dpp.communication.chat.single.SingleUserChatService$1.connectionStateChanged(SingleUserChatService.java:60)
	at de.fu_berlin.inf.dpp.net.xmpp.XMPPConnectionService.setConnectionState(XMPPConnectionService.java:405)
	at de.fu_berlin.inf.dpp.net.xmpp.XMPPConnectionService.disconnect(XMPPConnectionService.java:304)
	at de.fu_berlin.inf.dpp.communication.connection.ConnectionHandler.disconnectXMPPInternal(ConnectionHandler.java:225)
	at de.fu_berlin.inf.dpp.communication.connection.ConnectionHandler.disconnect(ConnectionHandler.java:211)
	at de.fu_berlin.inf.dpp.Saros$1.run(Saros.java:304)
	at de.fu_berlin.inf.dpp.util.ThreadUtils$1.run(ThreadUtils.java:38)
	at java.lang.Thread.run(Thread.java:745)
WARN  2017-04-26 12:08:28,801 (SWTUtils.java:144) could not execute runnable de.fu_berlin.inf.dpp.ui.widgets.chat.ChatControl$5$4@775e6dd1, UI thread is not available
StackTrace:
	at de.fu_berlin.inf.dpp.ui.util.SWTUtils.runSafeSWTAsync(SWTUtils.java:145)
	at de.fu_berlin.inf.dpp.ui.widgets.chat.ChatControl$5.disconnected(ChatControl.java:301)
	at de.fu_berlin.inf.dpp.communication.chat.AbstractChat.notifyJIDDisconnected(AbstractChat.java:72)
	at de.fu_berlin.inf.dpp.communication.chat.single.SingleUserChat.setConnected(SingleUserChat.java:126)
	at de.fu_berlin.inf.dpp.communication.chat.single.SingleUserChatService$1.connectionStateChanged(SingleUserChatService.java:60)
	at de.fu_berlin.inf.dpp.net.xmpp.XMPPConnectionService.setConnectionState(XMPPConnectionService.java:405)
	at de.fu_berlin.inf.dpp.net.xmpp.XMPPConnectionService.disconnect(XMPPConnectionService.java:304)
	at de.fu_berlin.inf.dpp.communication.connection.ConnectionHandler.disconnectXMPPInternal(ConnectionHandler.java:225)
	at de.fu_berlin.inf.dpp.communication.connection.ConnectionHandler.disconnect(ConnectionHandler.java:211)
	at de.fu_berlin.inf.dpp.Saros$1.run(Saros.java:304)
	at de.fu_berlin.inf.dpp.util.ThreadUtils$1.run(ThreadUtils.java:38)
	at java.lang.Thread.run(Thread.java:745)
DEBUG 2017-04-26 12:08:28,957 (XMPPConnectionService.java:398)  new connection state == NOT_CONNECTED
DEBUG 2017-04-26 12:08:28,958 (UPnPServiceImpl.java:295) deleting existing port mappings
