INFO  2017-04-26 20:20:12,349 (Saros.java:220) Starting Saros 14.10.31 running:
  Java Version: 1.8.0_131
  Java Vendor: Oracle Corporation
  Eclipse Runtime Version: 3.12.0.v20170306-1705
  Operating System: Linux (4.10.11-200.fc25.x86_64)
  Hardware Architecture: amd64
INFO  2017-04-26 20:20:12,426 (SarosContext.java:153) creating Saros runtime context...
DEBUG 2017-04-26 20:20:12,491 (XMPPAccountStore.java:117) loading accounts from file: /home/skeroullas/.saros/config.dat
DEBUG 2017-04-26 20:20:12,623 (XMPPAccountStore.java:176) loaded 1 account(s)
INFO  2017-04-26 20:20:12,855 (SarosContext.java:199) successfully created Saros runtime context
DEBUG 2017-04-26 20:20:12,880 (DataTransferManager.java:467) used transport order for the current XMPP connection: [XMPP-Socks5-Transport, XMPP-IBB-Transport]
INFO  2017-04-26 20:20:12,910 (PreferenceInitializer.java:50) initializing preference default values
DEBUG 2017-04-26 20:20:12,964 (SarosAnnotation.java:117) resetting annotation colors
DEBUG 2017-04-26 20:20:13,030 (Saros.java:430) skipping conversion of old XMPP accounts, because there are already new ones
DEBUG 2017-04-26 20:20:15,943 (SharedDocumentProvider.java:77) SharedDocumentProvider created by Eclipse
DEBUG 2017-04-26 20:20:19,429 (WhiteboardManager.java:194) WhiteboardManager instantiated
DEBUG 2017-04-26 20:20:19,502 (DocumentRecord.java:93) Added Node: attr(149323081949490138) name=svg
DEBUG 2017-04-26 20:20:19,726 (XMPPConnectionService.java:439) started Socks5 proxy on port: 7777 [listening on all interfaces]
DEBUG 2017-04-26 20:20:19,729 (XMPPConnectionService.java:459) using autodetected addresses: [192.168.1.14, fe80:0:0:0:d380:8a13:2a7d:23c0%wlp2s0]
DEBUG 2017-04-26 20:20:19,739 (XMPPConnectionService.java:398)  new connection state == CONNECTING
DEBUG 2017-04-26 20:20:21,221 (XMPPConnectionService.java:398) pika@saros-con.imp.fu-berlin.de/Saros new connection state == CONNECTED
DEBUG 2017-04-26 20:20:21,223 (DataTransferManager.java:467) used transport order for the current XMPP connection: [XMPP-Socks5-Transport, XMPP-IBB-Transport]
DEBUG 2017-04-26 20:20:21,225 (SkypeManager.java:289) Refreshing Skype username cache...
WARN  2017-04-26 20:20:30,693 (StunServiceImpl.java:420) received no response from STUN server stunserver.org/69.172.201.153:3478 at local address /192.168.1.14:0
DEBUG 2017-04-26 22:57:21,983 (XMPPConnectionService.java:398) pika@saros-con.imp.fu-berlin.de/Saros new connection state == DISCONNECTING
DEBUG 2017-04-26 22:57:22,145 (XMPPConnectionService.java:398)  new connection state == NOT_CONNECTED
DEBUG 2017-04-26 22:57:22,147 (UPnPServiceImpl.java:295) deleting existing port mappings
